2016-09-29 14:56:22,205 INFO  [main] [org.springframework.boot.StartupInfoLogger.logStarting(StartupInfoLogger.java:48)] Starting App on mackie with PID 3634 (/home/mackie/git/spring_project/mackie/target/classes started by mackie in /home/mackie/git/spring_project/mackie)
2016-09-29 14:56:22,223 INFO  [main] [org.springframework.boot.SpringApplication.logStartupProfileInfo(SpringApplication.java:659)] No active profile set, falling back to default profiles: default
2016-09-29 14:56:22,355 INFO  [main] [org.springframework.context.support.AbstractApplicationContext.prepareRefresh(AbstractApplicationContext.java:581)] Refreshing org.springframework.boot.context.embedded.AnnotationConfigEmbeddedWebApplicationContext@43dac38f: startup date [Thu Sep 29 14:56:22 CST 2016]; root of context hierarchy
2016-09-29 14:56:22,808 INFO  [background-preinit] [org.hibernate.validator.internal.util.Version.<clinit>(Version.java:30)] HV000001: Hibernate Validator 5.2.4.Final
2016-09-29 14:56:23,789 INFO  [main] [org.springframework.context.support.PostProcessorRegistrationDelegate$BeanPostProcessorChecker.postProcessAfterInitialization(PostProcessorRegistrationDelegate.java:328)] Bean 'org.springframework.transaction.annotation.ProxyTransactionManagementConfiguration' of type [class org.springframework.transaction.annotation.ProxyTransactionManagementConfiguration$$EnhancerBySpringCGLIB$$513043ce] is not eligible for getting processed by all BeanPostProcessors (for example: not eligible for auto-proxying)
2016-09-29 14:56:24,168 INFO  [main] [org.springframework.boot.context.embedded.tomcat.TomcatEmbeddedServletContainer.initialize(TomcatEmbeddedServletContainer.java:88)] Tomcat initialized with port(s): 8000 (http)
2016-09-29 14:56:24,178 INFO  [main] [org.apache.juli.logging.DirectJDKLog.log(DirectJDKLog.java:179)] Starting service Tomcat
2016-09-29 14:56:24,179 INFO  [main] [org.apache.juli.logging.DirectJDKLog.log(DirectJDKLog.java:179)] Starting Servlet Engine: Apache Tomcat/8.5.4
2016-09-29 14:56:24,249 INFO  [localhost-startStop-1] [org.apache.juli.logging.DirectJDKLog.log(DirectJDKLog.java:179)] Initializing Spring embedded WebApplicationContext
2016-09-29 14:56:24,250 INFO  [localhost-startStop-1] [org.springframework.boot.context.embedded.EmbeddedWebApplicationContext.prepareEmbeddedWebApplicationContext(EmbeddedWebApplicationContext.java:276)] Root WebApplicationContext: initialization completed in 1906 ms
2016-09-29 14:56:24,445 INFO  [localhost-startStop-1] [org.springframework.boot.web.servlet.ServletRegistrationBean.onStartup(ServletRegistrationBean.java:190)] Mapping servlet: 'dispatcherServlet' to [/]
2016-09-29 14:56:24,449 INFO  [localhost-startStop-1] [org.springframework.boot.web.servlet.AbstractFilterRegistrationBean.configure(AbstractFilterRegistrationBean.java:258)] Mapping filter: 'metricFilter' to: [/*]
2016-09-29 14:56:24,449 INFO  [localhost-startStop-1] [org.springframework.boot.web.servlet.AbstractFilterRegistrationBean.configure(AbstractFilterRegistrationBean.java:258)] Mapping filter: 'characterEncodingFilter' to: [/*]
2016-09-29 14:56:24,450 INFO  [localhost-startStop-1] [org.springframework.boot.web.servlet.AbstractFilterRegistrationBean.configure(AbstractFilterRegistrationBean.java:258)] Mapping filter: 'hiddenHttpMethodFilter' to: [/*]
2016-09-29 14:56:24,450 INFO  [localhost-startStop-1] [org.springframework.boot.web.servlet.AbstractFilterRegistrationBean.configure(AbstractFilterRegistrationBean.java:258)] Mapping filter: 'httpPutFormContentFilter' to: [/*]
2016-09-29 14:56:24,450 INFO  [localhost-startStop-1] [org.springframework.boot.web.servlet.AbstractFilterRegistrationBean.configure(AbstractFilterRegistrationBean.java:258)] Mapping filter: 'requestContextFilter' to: [/*]
2016-09-29 14:56:24,450 INFO  [localhost-startStop-1] [org.springframework.boot.web.servlet.AbstractFilterRegistrationBean.configure(AbstractFilterRegistrationBean.java:258)] Mapping filter: 'webRequestLoggingFilter' to: [/*]
2016-09-29 14:56:24,450 INFO  [localhost-startStop-1] [org.springframework.boot.web.servlet.AbstractFilterRegistrationBean.configure(AbstractFilterRegistrationBean.java:258)] Mapping filter: 'applicationContextIdFilter' to: [/*]
2016-09-29 14:56:24,962 INFO  [main] [org.springframework.web.servlet.mvc.method.annotation.RequestMappingHandlerAdapter.initControllerAdviceCache(RequestMappingHandlerAdapter.java:534)] Looking for @ControllerAdvice: org.springframework.boot.context.embedded.AnnotationConfigEmbeddedWebApplicationContext@43dac38f: startup date [Thu Sep 29 14:56:22 CST 2016]; root of context hierarchy
2016-09-29 14:56:25,008 INFO  [main] [org.springframework.web.servlet.handler.AbstractHandlerMethodMapping$MappingRegistry.register(AbstractHandlerMethodMapping.java:543)] Mapped "{[/user]}" onto public com.mackie.domain.UserDO com.mackie.App.user()
2016-09-29 14:56:25,009 INFO  [main] [org.springframework.web.servlet.handler.AbstractHandlerMethodMapping$MappingRegistry.register(AbstractHandlerMethodMapping.java:543)] Mapped "{[/aaa]}" onto java.lang.String com.mackie.App.home(javax.servlet.http.HttpServletRequest)
2016-09-29 14:56:25,009 INFO  [main] [org.springframework.web.servlet.handler.AbstractHandlerMethodMapping$MappingRegistry.register(AbstractHandlerMethodMapping.java:543)] Mapped "{[/test1]}" onto public java.lang.String com.mackie.App.test()
2016-09-29 14:56:25,012 INFO  [main] [org.springframework.web.servlet.handler.AbstractHandlerMethodMapping$MappingRegistry.register(AbstractHandlerMethodMapping.java:543)] Mapped "{[/error],produces=[text/html]}" onto public org.springframework.web.servlet.ModelAndView org.springframework.boot.autoconfigure.web.BasicErrorController.errorHtml(javax.servlet.http.HttpServletRequest,javax.servlet.http.HttpServletResponse)
2016-09-29 14:56:25,012 INFO  [main] [org.springframework.web.servlet.handler.AbstractHandlerMethodMapping$MappingRegistry.register(AbstractHandlerMethodMapping.java:543)] Mapped "{[/error]}" onto public org.springframework.http.ResponseEntity<java.util.Map<java.lang.String, java.lang.Object>> org.springframework.boot.autoconfigure.web.BasicErrorController.error(javax.servlet.http.HttpServletRequest)
2016-09-29 14:56:25,033 INFO  [main] [org.springframework.web.servlet.handler.AbstractUrlHandlerMapping.registerHandler(AbstractUrlHandlerMapping.java:354)] Mapped URL path [/webjars/**] onto handler of type [class org.springframework.web.servlet.resource.ResourceHttpRequestHandler]
2016-09-29 14:56:25,034 INFO  [main] [org.springframework.web.servlet.handler.AbstractUrlHandlerMapping.registerHandler(AbstractUrlHandlerMapping.java:354)] Mapped URL path [/**] onto handler of type [class org.springframework.web.servlet.resource.ResourceHttpRequestHandler]
2016-09-29 14:56:25,060 INFO  [main] [org.springframework.web.servlet.handler.AbstractUrlHandlerMapping.registerHandler(AbstractUrlHandlerMapping.java:354)] Mapped URL path [/**/favicon.ico] onto handler of type [class org.springframework.web.servlet.resource.ResourceHttpRequestHandler]
2016-09-29 14:56:25,439 INFO  [main] [org.springframework.web.servlet.handler.AbstractHandlerMethodMapping$MappingRegistry.register(AbstractHandlerMethodMapping.java:543)] Mapped "{[/trace || /trace.json],methods=[GET],produces=[application/json]}" onto public java.lang.Object org.springframework.boot.actuate.endpoint.mvc.EndpointMvcAdapter.invoke()
2016-09-29 14:56:25,439 INFO  [main] [org.springframework.web.servlet.handler.AbstractHandlerMethodMapping$MappingRegistry.register(AbstractHandlerMethodMapping.java:543)] Mapped "{[/configprops || /configprops.json],methods=[GET],produces=[application/json]}" onto public java.lang.Object org.springframework.boot.actuate.endpoint.mvc.EndpointMvcAdapter.invoke()
2016-09-29 14:56:25,440 INFO  [main] [org.springframework.web.servlet.handler.AbstractHandlerMethodMapping$MappingRegistry.register(AbstractHandlerMethodMapping.java:543)] Mapped "{[/env/{name:.*}],methods=[GET],produces=[application/json]}" onto public java.lang.Object org.springframework.boot.actuate.endpoint.mvc.EnvironmentMvcEndpoint.value(java.lang.String)
2016-09-29 14:56:25,441 INFO  [main] [org.springframework.web.servlet.handler.AbstractHandlerMethodMapping$MappingRegistry.register(AbstractHandlerMethodMapping.java:543)] Mapped "{[/env || /env.json],methods=[GET],produces=[application/json]}" onto public java.lang.Object org.springframework.boot.actuate.endpoint.mvc.EndpointMvcAdapter.invoke()
2016-09-29 14:56:25,442 INFO  [main] [org.springframework.web.servlet.handler.AbstractHandlerMethodMapping$MappingRegistry.register(AbstractHandlerMethodMapping.java:543)] Mapped "{[/metrics/{name:.*}],methods=[GET],produces=[application/json]}" onto public java.lang.Object org.springframework.boot.actuate.endpoint.mvc.MetricsMvcEndpoint.value(java.lang.String)
2016-09-29 14:56:25,442 INFO  [main] [org.springframework.web.servlet.handler.AbstractHandlerMethodMapping$MappingRegistry.register(AbstractHandlerMethodMapping.java:543)] Mapped "{[/metrics || /metrics.json],methods=[GET],produces=[application/json]}" onto public java.lang.Object org.springframework.boot.actuate.endpoint.mvc.EndpointMvcAdapter.invoke()
2016-09-29 14:56:25,443 INFO  [main] [org.springframework.web.servlet.handler.AbstractHandlerMethodMapping$MappingRegistry.register(AbstractHandlerMethodMapping.java:543)] Mapped "{[/health || /health.json],produces=[application/json]}" onto public java.lang.Object org.springframework.boot.actuate.endpoint.mvc.HealthMvcEndpoint.invoke(java.security.Principal)
2016-09-29 14:56:25,443 INFO  [main] [org.springframework.web.servlet.handler.AbstractHandlerMethodMapping$MappingRegistry.register(AbstractHandlerMethodMapping.java:543)] Mapped "{[/dump || /dump.json],methods=[GET],produces=[application/json]}" onto public java.lang.Object org.springframework.boot.actuate.endpoint.mvc.EndpointMvcAdapter.invoke()
2016-09-29 14:56:25,445 INFO  [main] [org.springframework.web.servlet.handler.AbstractHandlerMethodMapping$MappingRegistry.register(AbstractHandlerMethodMapping.java:543)] Mapped "{[/mappings || /mappings.json],methods=[GET],produces=[application/json]}" onto public java.lang.Object org.springframework.boot.actuate.endpoint.mvc.EndpointMvcAdapter.invoke()
2016-09-29 14:56:25,448 INFO  [main] [org.springframework.web.servlet.handler.AbstractHandlerMethodMapping$MappingRegistry.register(AbstractHandlerMethodMapping.java:543)] Mapped "{[/beans || /beans.json],methods=[GET],produces=[application/json]}" onto public java.lang.Object org.springframework.boot.actuate.endpoint.mvc.EndpointMvcAdapter.invoke()
2016-09-29 14:56:25,450 INFO  [main] [org.springframework.web.servlet.handler.AbstractHandlerMethodMapping$MappingRegistry.register(AbstractHandlerMethodMapping.java:543)] Mapped "{[/info || /info.json],methods=[GET],produces=[application/json]}" onto public java.lang.Object org.springframework.boot.actuate.endpoint.mvc.EndpointMvcAdapter.invoke()
2016-09-29 14:56:25,452 INFO  [main] [org.springframework.web.servlet.handler.AbstractHandlerMethodMapping$MappingRegistry.register(AbstractHandlerMethodMapping.java:543)] Mapped "{[/autoconfig || /autoconfig.json],methods=[GET],produces=[application/json]}" onto public java.lang.Object org.springframework.boot.actuate.endpoint.mvc.EndpointMvcAdapter.invoke()
2016-09-29 14:56:25,454 INFO  [main] [org.springframework.web.servlet.handler.AbstractHandlerMethodMapping$MappingRegistry.register(AbstractHandlerMethodMapping.java:543)] Mapped "{[/heapdump || /heapdump.json],methods=[GET],produces=[application/octet-stream]}" onto public void org.springframework.boot.actuate.endpoint.mvc.HeapdumpMvcEndpoint.invoke(boolean,javax.servlet.http.HttpServletRequest,javax.servlet.http.HttpServletResponse) throws java.io.IOException,javax.servlet.ServletException
2016-09-29 14:56:25,555 INFO  [main] [org.springframework.jmx.export.MBeanExporter.afterSingletonsInstantiated(MBeanExporter.java:431)] Registering beans for JMX exposure on startup
2016-09-29 14:56:25,561 INFO  [main] [org.springframework.jmx.export.MBeanExporter.afterSingletonsInstantiated(MBeanExporter.java:431)] Registering beans for JMX exposure on startup
2016-09-29 14:56:25,569 INFO  [main] [org.springframework.context.support.DefaultLifecycleProcessor$LifecycleGroup.start(DefaultLifecycleProcessor.java:341)] Starting beans in phase 0
2016-09-29 14:56:25,578 INFO  [main] [org.springframework.jmx.export.MBeanExporter.registerBeanInstance(MBeanExporter.java:674)] Located managed bean 'requestMappingEndpoint': registering with JMX server as MBean [org.springframework.boot:type=Endpoint,name=requestMappingEndpoint]
2016-09-29 14:56:25,594 INFO  [main] [org.springframework.jmx.export.MBeanExporter.registerBeanInstance(MBeanExporter.java:674)] Located managed bean 'environmentEndpoint': registering with JMX server as MBean [org.springframework.boot:type=Endpoint,name=environmentEndpoint]
2016-09-29 14:56:25,598 INFO  [main] [org.springframework.jmx.export.MBeanExporter.registerBeanInstance(MBeanExporter.java:674)] Located managed bean 'healthEndpoint': registering with JMX server as MBean [org.springframework.boot:type=Endpoint,name=healthEndpoint]
2016-09-29 14:56:25,601 INFO  [main] [org.springframework.jmx.export.MBeanExporter.registerBeanInstance(MBeanExporter.java:674)] Located managed bean 'beansEndpoint': registering with JMX server as MBean [org.springframework.boot:type=Endpoint,name=beansEndpoint]
2016-09-29 14:56:25,604 INFO  [main] [org.springframework.jmx.export.MBeanExporter.registerBeanInstance(MBeanExporter.java:674)] Located managed bean 'infoEndpoint': registering with JMX server as MBean [org.springframework.boot:type=Endpoint,name=infoEndpoint]
2016-09-29 14:56:25,606 INFO  [main] [org.springframework.jmx.export.MBeanExporter.registerBeanInstance(MBeanExporter.java:674)] Located managed bean 'metricsEndpoint': registering with JMX server as MBean [org.springframework.boot:type=Endpoint,name=metricsEndpoint]
2016-09-29 14:56:25,610 INFO  [main] [org.springframework.jmx.export.MBeanExporter.registerBeanInstance(MBeanExporter.java:674)] Located managed bean 'traceEndpoint': registering with JMX server as MBean [org.springframework.boot:type=Endpoint,name=traceEndpoint]
2016-09-29 14:56:25,613 INFO  [main] [org.springframework.jmx.export.MBeanExporter.registerBeanInstance(MBeanExporter.java:674)] Located managed bean 'dumpEndpoint': registering with JMX server as MBean [org.springframework.boot:type=Endpoint,name=dumpEndpoint]
2016-09-29 14:56:25,618 INFO  [main] [org.springframework.jmx.export.MBeanExporter.registerBeanInstance(MBeanExporter.java:674)] Located managed bean 'autoConfigurationReportEndpoint': registering with JMX server as MBean [org.springframework.boot:type=Endpoint,name=autoConfigurationReportEndpoint]
2016-09-29 14:56:25,621 INFO  [main] [org.springframework.jmx.export.MBeanExporter.registerBeanInstance(MBeanExporter.java:674)] Located managed bean 'configurationPropertiesReportEndpoint': registering with JMX server as MBean [org.springframework.boot:type=Endpoint,name=configurationPropertiesReportEndpoint]
2016-09-29 14:56:25,634 INFO  [main] [org.apache.juli.logging.DirectJDKLog.log(DirectJDKLog.java:179)] Initializing ProtocolHandler ["http-nio-8000"]
2016-09-29 14:56:25,641 INFO  [main] [org.apache.juli.logging.DirectJDKLog.log(DirectJDKLog.java:179)] Starting ProtocolHandler [http-nio-8000]
2016-09-29 14:56:25,645 INFO  [main] [org.apache.juli.logging.DirectJDKLog.log(DirectJDKLog.java:179)] Using a shared selector for servlet write/read
2016-09-29 14:56:25,665 INFO  [main] [org.springframework.boot.context.embedded.tomcat.TomcatEmbeddedServletContainer.start(TomcatEmbeddedServletContainer.java:186)] Tomcat started on port(s): 8000 (http)
2016-09-29 14:56:25,671 INFO  [main] [org.springframework.boot.StartupInfoLogger.logStarted(StartupInfoLogger.java:57)] Started App in 3.973 seconds (JVM running for 4.851)
2016-09-29 14:56:39,818 INFO  [http-nio-8000-exec-1] [org.apache.juli.logging.DirectJDKLog.log(DirectJDKLog.java:179)] Initializing Spring FrameworkServlet 'dispatcherServlet'
2016-09-29 14:56:39,818 INFO  [http-nio-8000-exec-1] [org.springframework.web.servlet.FrameworkServlet.initServletBean(FrameworkServlet.java:489)] FrameworkServlet 'dispatcherServlet': initialization started
2016-09-29 14:56:39,829 INFO  [http-nio-8000-exec-1] [org.springframework.web.servlet.FrameworkServlet.initServletBean(FrameworkServlet.java:508)] FrameworkServlet 'dispatcherServlet': initialization completed in 11 ms
2016-09-29 14:58:57,191 INFO  [RMI TCP Connection(2)-127.0.0.1] [org.springframework.boot.admin.SpringApplicationAdminMXBeanRegistrar$SpringApplicationAdmin.shutdown(SpringApplicationAdminMXBeanRegistrar.java:125)] Application shutdown requested.
2016-09-29 14:58:57,191 INFO  [RMI TCP Connection(2)-127.0.0.1] [org.springframework.context.support.AbstractApplicationContext.doClose(AbstractApplicationContext.java:982)] Closing org.springframework.boot.context.embedded.AnnotationConfigEmbeddedWebApplicationContext@43dac38f: startup date [Thu Sep 29 14:56:22 CST 2016]; root of context hierarchy
2016-09-29 14:58:57,192 INFO  [RMI TCP Connection(2)-127.0.0.1] [org.springframework.context.support.DefaultLifecycleProcessor$LifecycleGroup.stop(DefaultLifecycleProcessor.java:356)] Stopping beans in phase 0
2016-09-29 14:58:57,196 INFO  [RMI TCP Connection(2)-127.0.0.1] [org.springframework.jmx.export.MBeanExporter.destroy(MBeanExporter.java:449)] Unregistering JMX-exposed beans on shutdown
2016-09-29 14:58:57,197 INFO  [RMI TCP Connection(2)-127.0.0.1] [org.springframework.jmx.support.MBeanRegistrationSupport.unregisterBeans(MBeanRegistrationSupport.java:241)] Unregistering JMX-exposed beans
2016-09-29 14:58:57,197 INFO  [RMI TCP Connection(2)-127.0.0.1] [org.springframework.jmx.export.MBeanExporter.destroy(MBeanExporter.java:449)] Unregistering JMX-exposed beans on shutdown
2016-09-29 14:59:02,454 INFO  [main] [org.springframework.boot.StartupInfoLogger.logStarting(StartupInfoLogger.java:48)] Starting App on mackie with PID 3816 (/home/mackie/git/spring_project/mackie/target/classes started by mackie in /home/mackie/git/spring_project/mackie)
2016-09-29 14:59:02,461 INFO  [main] [org.springframework.boot.SpringApplication.logStartupProfileInfo(SpringApplication.java:659)] No active profile set, falling back to default profiles: default
2016-09-29 14:59:02,558 INFO  [main] [org.springframework.context.support.AbstractApplicationContext.prepareRefresh(AbstractApplicationContext.java:581)] Refreshing org.springframework.boot.context.embedded.AnnotationConfigEmbeddedWebApplicationContext@43dac38f: startup date [Thu Sep 29 14:59:02 CST 2016]; root of context hierarchy
2016-09-29 14:59:02,638 INFO  [background-preinit] [org.hibernate.validator.internal.util.Version.<clinit>(Version.java:30)] HV000001: Hibernate Validator 5.2.4.Final
2016-09-29 14:59:04,002 INFO  [main] [org.springframework.context.support.PostProcessorRegistrationDelegate$BeanPostProcessorChecker.postProcessAfterInitialization(PostProcessorRegistrationDelegate.java:328)] Bean 'org.springframework.transaction.annotation.ProxyTransactionManagementConfiguration' of type [class org.springframework.transaction.annotation.ProxyTransactionManagementConfiguration$$EnhancerBySpringCGLIB$$a4dfc831] is not eligible for getting processed by all BeanPostProcessors (for example: not eligible for auto-proxying)
2016-09-29 14:59:04,414 INFO  [main] [org.springframework.boot.context.embedded.tomcat.TomcatEmbeddedServletContainer.initialize(TomcatEmbeddedServletContainer.java:88)] Tomcat initialized with port(s): 8000 (http)
2016-09-29 14:59:04,425 INFO  [main] [org.apache.juli.logging.DirectJDKLog.log(DirectJDKLog.java:179)] Starting service Tomcat
2016-09-29 14:59:04,427 INFO  [main] [org.apache.juli.logging.DirectJDKLog.log(DirectJDKLog.java:179)] Starting Servlet Engine: Apache Tomcat/8.5.4
2016-09-29 14:59:04,496 INFO  [localhost-startStop-1] [org.apache.juli.logging.DirectJDKLog.log(DirectJDKLog.java:179)] Initializing Spring embedded WebApplicationContext
2016-09-29 14:59:04,496 INFO  [localhost-startStop-1] [org.springframework.boot.context.embedded.EmbeddedWebApplicationContext.prepareEmbeddedWebApplicationContext(EmbeddedWebApplicationContext.java:276)] Root WebApplicationContext: initialization completed in 1941 ms
2016-09-29 14:59:04,668 INFO  [localhost-startStop-1] [org.springframework.boot.web.servlet.ServletRegistrationBean.onStartup(ServletRegistrationBean.java:190)] Mapping servlet: 'dispatcherServlet' to [/]
2016-09-29 14:59:04,671 INFO  [localhost-startStop-1] [org.springframework.boot.web.servlet.AbstractFilterRegistrationBean.configure(AbstractFilterRegistrationBean.java:258)] Mapping filter: 'metricFilter' to: [/*]
2016-09-29 14:59:04,671 INFO  [localhost-startStop-1] [org.springframework.boot.web.servlet.AbstractFilterRegistrationBean.configure(AbstractFilterRegistrationBean.java:258)] Mapping filter: 'characterEncodingFilter' to: [/*]
2016-09-29 14:59:04,672 INFO  [localhost-startStop-1] [org.springframework.boot.web.servlet.AbstractFilterRegistrationBean.configure(AbstractFilterRegistrationBean.java:258)] Mapping filter: 'hiddenHttpMethodFilter' to: [/*]
2016-09-29 14:59:04,672 INFO  [localhost-startStop-1] [org.springframework.boot.web.servlet.AbstractFilterRegistrationBean.configure(AbstractFilterRegistrationBean.java:258)] Mapping filter: 'httpPutFormContentFilter' to: [/*]
2016-09-29 14:59:04,672 INFO  [localhost-startStop-1] [org.springframework.boot.web.servlet.AbstractFilterRegistrationBean.configure(AbstractFilterRegistrationBean.java:258)] Mapping filter: 'requestContextFilter' to: [/*]
2016-09-29 14:59:04,672 INFO  [localhost-startStop-1] [org.springframework.boot.web.servlet.AbstractFilterRegistrationBean.configure(AbstractFilterRegistrationBean.java:258)] Mapping filter: 'webRequestLoggingFilter' to: [/*]
2016-09-29 14:59:04,672 INFO  [localhost-startStop-1] [org.springframework.boot.web.servlet.AbstractFilterRegistrationBean.configure(AbstractFilterRegistrationBean.java:258)] Mapping filter: 'applicationContextIdFilter' to: [/*]
2016-09-29 14:59:05,147 INFO  [main] [org.springframework.web.servlet.mvc.method.annotation.RequestMappingHandlerAdapter.initControllerAdviceCache(RequestMappingHandlerAdapter.java:534)] Looking for @ControllerAdvice: org.springframework.boot.context.embedded.AnnotationConfigEmbeddedWebApplicationContext@43dac38f: startup date [Thu Sep 29 14:59:02 CST 2016]; root of context hierarchy
2016-09-29 14:59:05,193 INFO  [main] [org.springframework.web.servlet.handler.AbstractHandlerMethodMapping$MappingRegistry.register(AbstractHandlerMethodMapping.java:543)] Mapped "{[/user]}" onto public com.mackie.domain.UserDO com.mackie.App.user()
2016-09-29 14:59:05,194 INFO  [main] [org.springframework.web.servlet.handler.AbstractHandlerMethodMapping$MappingRegistry.register(AbstractHandlerMethodMapping.java:543)] Mapped "{[/aaa]}" onto java.lang.String com.mackie.App.home(javax.servlet.http.HttpServletRequest)
2016-09-29 14:59:05,195 INFO  [main] [org.springframework.web.servlet.handler.AbstractHandlerMethodMapping$MappingRegistry.register(AbstractHandlerMethodMapping.java:543)] Mapped "{[/test1]}" onto public com.mackie.domain.UserDO com.mackie.App.test()
2016-09-29 14:59:05,197 INFO  [main] [org.springframework.web.servlet.handler.AbstractHandlerMethodMapping$MappingRegistry.register(AbstractHandlerMethodMapping.java:543)] Mapped "{[/error],produces=[text/html]}" onto public org.springframework.web.servlet.ModelAndView org.springframework.boot.autoconfigure.web.BasicErrorController.errorHtml(javax.servlet.http.HttpServletRequest,javax.servlet.http.HttpServletResponse)
2016-09-29 14:59:05,197 INFO  [main] [org.springframework.web.servlet.handler.AbstractHandlerMethodMapping$MappingRegistry.register(AbstractHandlerMethodMapping.java:543)] Mapped "{[/error]}" onto public org.springframework.http.ResponseEntity<java.util.Map<java.lang.String, java.lang.Object>> org.springframework.boot.autoconfigure.web.BasicErrorController.error(javax.servlet.http.HttpServletRequest)
2016-09-29 14:59:05,218 INFO  [main] [org.springframework.web.servlet.handler.AbstractUrlHandlerMapping.registerHandler(AbstractUrlHandlerMapping.java:354)] Mapped URL path [/webjars/**] onto handler of type [class org.springframework.web.servlet.resource.ResourceHttpRequestHandler]
2016-09-29 14:59:05,218 INFO  [main] [org.springframework.web.servlet.handler.AbstractUrlHandlerMapping.registerHandler(AbstractUrlHandlerMapping.java:354)] Mapped URL path [/**] onto handler of type [class org.springframework.web.servlet.resource.ResourceHttpRequestHandler]
2016-09-29 14:59:05,246 INFO  [main] [org.springframework.web.servlet.handler.AbstractUrlHandlerMapping.registerHandler(AbstractUrlHandlerMapping.java:354)] Mapped URL path [/**/favicon.ico] onto handler of type [class org.springframework.web.servlet.resource.ResourceHttpRequestHandler]
2016-09-29 14:59:05,789 INFO  [main] [org.springframework.web.servlet.handler.AbstractHandlerMethodMapping$MappingRegistry.register(AbstractHandlerMethodMapping.java:543)] Mapped "{[/configprops || /configprops.json],methods=[GET],produces=[application/json]}" onto public java.lang.Object org.springframework.boot.actuate.endpoint.mvc.EndpointMvcAdapter.invoke()
2016-09-29 14:59:05,790 INFO  [main] [org.springframework.web.servlet.handler.AbstractHandlerMethodMapping$MappingRegistry.register(AbstractHandlerMethodMapping.java:543)] Mapped "{[/env/{name:.*}],methods=[GET],produces=[application/json]}" onto public java.lang.Object org.springframework.boot.actuate.endpoint.mvc.EnvironmentMvcEndpoint.value(java.lang.String)
2016-09-29 14:59:05,790 INFO  [main] [org.springframework.web.servlet.handler.AbstractHandlerMethodMapping$MappingRegistry.register(AbstractHandlerMethodMapping.java:543)] Mapped "{[/env || /env.json],methods=[GET],produces=[application/json]}" onto public java.lang.Object org.springframework.boot.actuate.endpoint.mvc.EndpointMvcAdapter.invoke()
2016-09-29 14:59:05,791 INFO  [main] [org.springframework.web.servlet.handler.AbstractHandlerMethodMapping$MappingRegistry.register(AbstractHandlerMethodMapping.java:543)] Mapped "{[/heapdump || /heapdump.json],methods=[GET],produces=[application/octet-stream]}" onto public void org.springframework.boot.actuate.endpoint.mvc.HeapdumpMvcEndpoint.invoke(boolean,javax.servlet.http.HttpServletRequest,javax.servlet.http.HttpServletResponse) throws java.io.IOException,javax.servlet.ServletException
2016-09-29 14:59:05,792 INFO  [main] [org.springframework.web.servlet.handler.AbstractHandlerMethodMapping$MappingRegistry.register(AbstractHandlerMethodMapping.java:543)] Mapped "{[/autoconfig || /autoconfig.json],methods=[GET],produces=[application/json]}" onto public java.lang.Object org.springframework.boot.actuate.endpoint.mvc.EndpointMvcAdapter.invoke()
2016-09-29 14:59:05,792 INFO  [main] [org.springframework.web.servlet.handler.AbstractHandlerMethodMapping$MappingRegistry.register(AbstractHandlerMethodMapping.java:543)] Mapped "{[/info || /info.json],methods=[GET],produces=[application/json]}" onto public java.lang.Object org.springframework.boot.actuate.endpoint.mvc.EndpointMvcAdapter.invoke()
2016-09-29 14:59:05,793 INFO  [main] [org.springframework.web.servlet.handler.AbstractHandlerMethodMapping$MappingRegistry.register(AbstractHandlerMethodMapping.java:543)] Mapped "{[/beans || /beans.json],methods=[GET],produces=[application/json]}" onto public java.lang.Object org.springframework.boot.actuate.endpoint.mvc.EndpointMvcAdapter.invoke()
2016-09-29 14:59:05,794 INFO  [main] [org.springframework.web.servlet.handler.AbstractHandlerMethodMapping$MappingRegistry.register(AbstractHandlerMethodMapping.java:543)] Mapped "{[/trace || /trace.json],methods=[GET],produces=[application/json]}" onto public java.lang.Object org.springframework.boot.actuate.endpoint.mvc.EndpointMvcAdapter.invoke()
2016-09-29 14:59:05,800 INFO  [main] [org.springframework.web.servlet.handler.AbstractHandlerMethodMapping$MappingRegistry.register(AbstractHandlerMethodMapping.java:543)] Mapped "{[/mappings || /mappings.json],methods=[GET],produces=[application/json]}" onto public java.lang.Object org.springframework.boot.actuate.endpoint.mvc.EndpointMvcAdapter.invoke()
2016-09-29 14:59:05,803 INFO  [main] [org.springframework.web.servlet.handler.AbstractHandlerMethodMapping$MappingRegistry.register(AbstractHandlerMethodMapping.java:543)] Mapped "{[/dump || /dump.json],methods=[GET],produces=[application/json]}" onto public java.lang.Object org.springframework.boot.actuate.endpoint.mvc.EndpointMvcAdapter.invoke()
2016-09-29 14:59:05,806 INFO  [main] [org.springframework.web.servlet.handler.AbstractHandlerMethodMapping$MappingRegistry.register(AbstractHandlerMethodMapping.java:543)] Mapped "{[/metrics/{name:.*}],methods=[GET],produces=[application/json]}" onto public java.lang.Object org.springframework.boot.actuate.endpoint.mvc.MetricsMvcEndpoint.value(java.lang.String)
2016-09-29 14:59:05,807 INFO  [main] [org.springframework.web.servlet.handler.AbstractHandlerMethodMapping$MappingRegistry.register(AbstractHandlerMethodMapping.java:543)] Mapped "{[/metrics || /metrics.json],methods=[GET],produces=[application/json]}" onto public java.lang.Object org.springframework.boot.actuate.endpoint.mvc.EndpointMvcAdapter.invoke()
2016-09-29 14:59:05,810 INFO  [main] [org.springframework.web.servlet.handler.AbstractHandlerMethodMapping$MappingRegistry.register(AbstractHandlerMethodMapping.java:543)] Mapped "{[/health || /health.json],produces=[application/json]}" onto public java.lang.Object org.springframework.boot.actuate.endpoint.mvc.HealthMvcEndpoint.invoke(java.security.Principal)
2016-09-29 14:59:05,958 INFO  [main] [org.springframework.jmx.export.MBeanExporter.afterSingletonsInstantiated(MBeanExporter.java:431)] Registering beans for JMX exposure on startup
2016-09-29 14:59:05,961 INFO  [main] [org.springframework.jmx.export.MBeanExporter.afterSingletonsInstantiated(MBeanExporter.java:431)] Registering beans for JMX exposure on startup
2016-09-29 14:59:05,964 INFO  [main] [org.springframework.context.support.DefaultLifecycleProcessor$LifecycleGroup.start(DefaultLifecycleProcessor.java:341)] Starting beans in phase 0
2016-09-29 14:59:05,970 INFO  [main] [org.springframework.jmx.export.MBeanExporter.registerBeanInstance(MBeanExporter.java:674)] Located managed bean 'requestMappingEndpoint': registering with JMX server as MBean [org.springframework.boot:type=Endpoint,name=requestMappingEndpoint]
2016-09-29 14:59:05,988 INFO  [main] [org.springframework.jmx.export.MBeanExporter.registerBeanInstance(MBeanExporter.java:674)] Located managed bean 'environmentEndpoint': registering with JMX server as MBean [org.springframework.boot:type=Endpoint,name=environmentEndpoint]
2016-09-29 14:59:05,992 INFO  [main] [org.springframework.jmx.export.MBeanExporter.registerBeanInstance(MBeanExporter.java:674)] Located managed bean 'healthEndpoint': registering with JMX server as MBean [org.springframework.boot:type=Endpoint,name=healthEndpoint]
2016-09-29 14:59:05,995 INFO  [main] [org.springframework.jmx.export.MBeanExporter.registerBeanInstance(MBeanExporter.java:674)] Located managed bean 'beansEndpoint': registering with JMX server as MBean [org.springframework.boot:type=Endpoint,name=beansEndpoint]
2016-09-29 14:59:05,998 INFO  [main] [org.springframework.jmx.export.MBeanExporter.registerBeanInstance(MBeanExporter.java:674)] Located managed bean 'infoEndpoint': registering with JMX server as MBean [org.springframework.boot:type=Endpoint,name=infoEndpoint]
2016-09-29 14:59:06,000 INFO  [main] [org.springframework.jmx.export.MBeanExporter.registerBeanInstance(MBeanExporter.java:674)] Located managed bean 'metricsEndpoint': registering with JMX server as MBean [org.springframework.boot:type=Endpoint,name=metricsEndpoint]
2016-09-29 14:59:06,004 INFO  [main] [org.springframework.jmx.export.MBeanExporter.registerBeanInstance(MBeanExporter.java:674)] Located managed bean 'traceEndpoint': registering with JMX server as MBean [org.springframework.boot:type=Endpoint,name=traceEndpoint]
2016-09-29 14:59:06,007 INFO  [main] [org.springframework.jmx.export.MBeanExporter.registerBeanInstance(MBeanExporter.java:674)] Located managed bean 'dumpEndpoint': registering with JMX server as MBean [org.springframework.boot:type=Endpoint,name=dumpEndpoint]
2016-09-29 14:59:06,011 INFO  [main] [org.springframework.jmx.export.MBeanExporter.registerBeanInstance(MBeanExporter.java:674)] Located managed bean 'autoConfigurationReportEndpoint': registering with JMX server as MBean [org.springframework.boot:type=Endpoint,name=autoConfigurationReportEndpoint]
2016-09-29 14:59:06,016 INFO  [main] [org.springframework.jmx.export.MBeanExporter.registerBeanInstance(MBeanExporter.java:674)] Located managed bean 'configurationPropertiesReportEndpoint': registering with JMX server as MBean [org.springframework.boot:type=Endpoint,name=configurationPropertiesReportEndpoint]
2016-09-29 14:59:06,048 INFO  [main] [org.apache.juli.logging.DirectJDKLog.log(DirectJDKLog.java:179)] Initializing ProtocolHandler ["http-nio-8000"]
2016-09-29 14:59:06,057 INFO  [main] [org.apache.juli.logging.DirectJDKLog.log(DirectJDKLog.java:179)] Starting ProtocolHandler [http-nio-8000]
2016-09-29 14:59:06,061 INFO  [main] [org.apache.juli.logging.DirectJDKLog.log(DirectJDKLog.java:179)] Using a shared selector for servlet write/read
2016-09-29 14:59:06,077 INFO  [main] [org.springframework.boot.context.embedded.tomcat.TomcatEmbeddedServletContainer.start(TomcatEmbeddedServletContainer.java:186)] Tomcat started on port(s): 8000 (http)
2016-09-29 14:59:06,080 INFO  [main] [org.springframework.boot.StartupInfoLogger.logStarted(StartupInfoLogger.java:57)] Started App in 4.023 seconds (JVM running for 4.738)
2016-09-29 14:59:07,440 INFO  [http-nio-8000-exec-1] [org.apache.juli.logging.DirectJDKLog.log(DirectJDKLog.java:179)] Initializing Spring FrameworkServlet 'dispatcherServlet'
2016-09-29 14:59:07,440 INFO  [http-nio-8000-exec-1] [org.springframework.web.servlet.FrameworkServlet.initServletBean(FrameworkServlet.java:489)] FrameworkServlet 'dispatcherServlet': initialization started
2016-09-29 14:59:07,452 INFO  [http-nio-8000-exec-1] [org.springframework.web.servlet.FrameworkServlet.initServletBean(FrameworkServlet.java:508)] FrameworkServlet 'dispatcherServlet': initialization completed in 12 ms
2016-09-29 15:10:17,739 INFO  [RMI TCP Connection(2)-127.0.0.1] [org.springframework.boot.admin.SpringApplicationAdminMXBeanRegistrar$SpringApplicationAdmin.shutdown(SpringApplicationAdminMXBeanRegistrar.java:125)] Application shutdown requested.
2016-09-29 15:10:17,739 INFO  [RMI TCP Connection(2)-127.0.0.1] [org.springframework.context.support.AbstractApplicationContext.doClose(AbstractApplicationContext.java:982)] Closing org.springframework.boot.context.embedded.AnnotationConfigEmbeddedWebApplicationContext@43dac38f: startup date [Thu Sep 29 14:59:02 CST 2016]; root of context hierarchy
2016-09-29 15:10:17,740 INFO  [RMI TCP Connection(2)-127.0.0.1] [org.springframework.context.support.DefaultLifecycleProcessor$LifecycleGroup.stop(DefaultLifecycleProcessor.java:356)] Stopping beans in phase 0
2016-09-29 15:10:17,741 INFO  [RMI TCP Connection(2)-127.0.0.1] [org.springframework.jmx.export.MBeanExporter.destroy(MBeanExporter.java:449)] Unregistering JMX-exposed beans on shutdown
2016-09-29 15:10:17,742 INFO  [RMI TCP Connection(2)-127.0.0.1] [org.springframework.jmx.support.MBeanRegistrationSupport.unregisterBeans(MBeanRegistrationSupport.java:241)] Unregistering JMX-exposed beans
2016-09-29 15:10:17,742 INFO  [RMI TCP Connection(2)-127.0.0.1] [org.springframework.jmx.export.MBeanExporter.destroy(MBeanExporter.java:449)] Unregistering JMX-exposed beans on shutdown
2016-09-29 15:10:23,402 INFO  [main] [org.springframework.boot.StartupInfoLogger.logStarting(StartupInfoLogger.java:48)] Starting App on mackie with PID 4209 (/home/mackie/git/spring_project/mackie/target/classes started by mackie in /home/mackie/git/spring_project/mackie)
2016-09-29 15:10:23,411 INFO  [main] [org.springframework.boot.SpringApplication.logStartupProfileInfo(SpringApplication.java:659)] No active profile set, falling back to default profiles: default
2016-09-29 15:10:23,491 INFO  [main] [org.springframework.context.support.AbstractApplicationContext.prepareRefresh(AbstractApplicationContext.java:581)] Refreshing org.springframework.boot.context.embedded.AnnotationConfigEmbeddedWebApplicationContext@43dac38f: startup date [Thu Sep 29 15:10:23 CST 2016]; root of context hierarchy
2016-09-29 15:10:23,687 INFO  [background-preinit] [org.hibernate.validator.internal.util.Version.<clinit>(Version.java:30)] HV000001: Hibernate Validator 5.2.4.Final
2016-09-29 15:10:24,767 INFO  [main] [org.springframework.context.support.PostProcessorRegistrationDelegate$BeanPostProcessorChecker.postProcessAfterInitialization(PostProcessorRegistrationDelegate.java:328)] Bean 'org.springframework.transaction.annotation.ProxyTransactionManagementConfiguration' of type [class org.springframework.transaction.annotation.ProxyTransactionManagementConfiguration$$EnhancerBySpringCGLIB$$a4dfc831] is not eligible for getting processed by all BeanPostProcessors (for example: not eligible for auto-proxying)
2016-09-29 15:10:25,206 INFO  [main] [org.springframework.boot.context.embedded.tomcat.TomcatEmbeddedServletContainer.initialize(TomcatEmbeddedServletContainer.java:88)] Tomcat initialized with port(s): 8000 (http)
2016-09-29 15:10:25,220 INFO  [main] [org.apache.juli.logging.DirectJDKLog.log(DirectJDKLog.java:179)] Starting service Tomcat
2016-09-29 15:10:25,221 INFO  [main] [org.apache.juli.logging.DirectJDKLog.log(DirectJDKLog.java:179)] Starting Servlet Engine: Apache Tomcat/8.5.4
2016-09-29 15:10:25,317 INFO  [localhost-startStop-1] [org.apache.juli.logging.DirectJDKLog.log(DirectJDKLog.java:179)] Initializing Spring embedded WebApplicationContext
2016-09-29 15:10:25,318 INFO  [localhost-startStop-1] [org.springframework.boot.context.embedded.EmbeddedWebApplicationContext.prepareEmbeddedWebApplicationContext(EmbeddedWebApplicationContext.java:276)] Root WebApplicationContext: initialization completed in 1830 ms
2016-09-29 15:10:25,537 INFO  [localhost-startStop-1] [org.springframework.boot.web.servlet.ServletRegistrationBean.onStartup(ServletRegistrationBean.java:190)] Mapping servlet: 'dispatcherServlet' to [/]
2016-09-29 15:10:25,540 INFO  [localhost-startStop-1] [org.springframework.boot.web.servlet.AbstractFilterRegistrationBean.configure(AbstractFilterRegistrationBean.java:258)] Mapping filter: 'metricFilter' to: [/*]
2016-09-29 15:10:25,541 INFO  [localhost-startStop-1] [org.springframework.boot.web.servlet.AbstractFilterRegistrationBean.configure(AbstractFilterRegistrationBean.java:258)] Mapping filter: 'characterEncodingFilter' to: [/*]
2016-09-29 15:10:25,541 INFO  [localhost-startStop-1] [org.springframework.boot.web.servlet.AbstractFilterRegistrationBean.configure(AbstractFilterRegistrationBean.java:258)] Mapping filter: 'hiddenHttpMethodFilter' to: [/*]
2016-09-29 15:10:25,541 INFO  [localhost-startStop-1] [org.springframework.boot.web.servlet.AbstractFilterRegistrationBean.configure(AbstractFilterRegistrationBean.java:258)] Mapping filter: 'httpPutFormContentFilter' to: [/*]
2016-09-29 15:10:25,541 INFO  [localhost-startStop-1] [org.springframework.boot.web.servlet.AbstractFilterRegistrationBean.configure(AbstractFilterRegistrationBean.java:258)] Mapping filter: 'requestContextFilter' to: [/*]
2016-09-29 15:10:25,541 INFO  [localhost-startStop-1] [org.springframework.boot.web.servlet.AbstractFilterRegistrationBean.configure(AbstractFilterRegistrationBean.java:258)] Mapping filter: 'webRequestLoggingFilter' to: [/*]
2016-09-29 15:10:25,541 INFO  [localhost-startStop-1] [org.springframework.boot.web.servlet.AbstractFilterRegistrationBean.configure(AbstractFilterRegistrationBean.java:258)] Mapping filter: 'applicationContextIdFilter' to: [/*]
2016-09-29 15:10:26,030 INFO  [main] [org.springframework.web.servlet.mvc.method.annotation.RequestMappingHandlerAdapter.initControllerAdviceCache(RequestMappingHandlerAdapter.java:534)] Looking for @ControllerAdvice: org.springframework.boot.context.embedded.AnnotationConfigEmbeddedWebApplicationContext@43dac38f: startup date [Thu Sep 29 15:10:23 CST 2016]; root of context hierarchy
2016-09-29 15:10:26,073 INFO  [main] [org.springframework.web.servlet.handler.AbstractHandlerMethodMapping$MappingRegistry.register(AbstractHandlerMethodMapping.java:543)] Mapped "{[/user]}" onto public com.mackie.domain.UserDO com.mackie.App.user()
2016-09-29 15:10:26,074 INFO  [main] [org.springframework.web.servlet.handler.AbstractHandlerMethodMapping$MappingRegistry.register(AbstractHandlerMethodMapping.java:543)] Mapped "{[/aaa]}" onto java.lang.String com.mackie.App.home(javax.servlet.http.HttpServletRequest)
2016-09-29 15:10:26,074 INFO  [main] [org.springframework.web.servlet.handler.AbstractHandlerMethodMapping$MappingRegistry.register(AbstractHandlerMethodMapping.java:543)] Mapped "{[/test1]}" onto public com.mackie.domain.UserDO com.mackie.App.test()
2016-09-29 15:10:26,076 INFO  [main] [org.springframework.web.servlet.handler.AbstractHandlerMethodMapping$MappingRegistry.register(AbstractHandlerMethodMapping.java:543)] Mapped "{[/error],produces=[text/html]}" onto public org.springframework.web.servlet.ModelAndView org.springframework.boot.autoconfigure.web.BasicErrorController.errorHtml(javax.servlet.http.HttpServletRequest,javax.servlet.http.HttpServletResponse)
2016-09-29 15:10:26,076 INFO  [main] [org.springframework.web.servlet.handler.AbstractHandlerMethodMapping$MappingRegistry.register(AbstractHandlerMethodMapping.java:543)] Mapped "{[/error]}" onto public org.springframework.http.ResponseEntity<java.util.Map<java.lang.String, java.lang.Object>> org.springframework.boot.autoconfigure.web.BasicErrorController.error(javax.servlet.http.HttpServletRequest)
2016-09-29 15:10:26,081 INFO  [main] [org.springframework.boot.autoconfigure.web.WebMvcAutoConfiguration$WebMvcAutoConfigurationAdapter.addViewControllers(WebMvcAutoConfiguration.java:303)] Adding welcome page: ServletContext resource [/index.html]
2016-09-29 15:10:26,089 INFO  [main] [org.springframework.web.servlet.handler.AbstractUrlHandlerMapping.registerHandler(AbstractUrlHandlerMapping.java:341)] Root mapping to handler of type [class org.springframework.web.servlet.mvc.ParameterizableViewController]
2016-09-29 15:10:26,104 INFO  [main] [org.springframework.web.servlet.handler.AbstractUrlHandlerMapping.registerHandler(AbstractUrlHandlerMapping.java:354)] Mapped URL path [/webjars/**] onto handler of type [class org.springframework.web.servlet.resource.ResourceHttpRequestHandler]
2016-09-29 15:10:26,105 INFO  [main] [org.springframework.web.servlet.handler.AbstractUrlHandlerMapping.registerHandler(AbstractUrlHandlerMapping.java:354)] Mapped URL path [/**] onto handler of type [class org.springframework.web.servlet.resource.ResourceHttpRequestHandler]
2016-09-29 15:10:26,136 INFO  [main] [org.springframework.web.servlet.handler.AbstractUrlHandlerMapping.registerHandler(AbstractUrlHandlerMapping.java:354)] Mapped URL path [/**/favicon.ico] onto handler of type [class org.springframework.web.servlet.resource.ResourceHttpRequestHandler]
2016-09-29 15:10:26,376 INFO  [main] [org.springframework.web.servlet.handler.AbstractHandlerMethodMapping$MappingRegistry.register(AbstractHandlerMethodMapping.java:543)] Mapped "{[/heapdump || /heapdump.json],methods=[GET],produces=[application/octet-stream]}" onto public void org.springframework.boot.actuate.endpoint.mvc.HeapdumpMvcEndpoint.invoke(boolean,javax.servlet.http.HttpServletRequest,javax.servlet.http.HttpServletResponse) throws java.io.IOException,javax.servlet.ServletException
2016-09-29 15:10:26,378 INFO  [main] [org.springframework.web.servlet.handler.AbstractHandlerMethodMapping$MappingRegistry.register(AbstractHandlerMethodMapping.java:543)] Mapped "{[/info || /info.json],methods=[GET],produces=[application/json]}" onto public java.lang.Object org.springframework.boot.actuate.endpoint.mvc.EndpointMvcAdapter.invoke()
2016-09-29 15:10:26,379 INFO  [main] [org.springframework.web.servlet.handler.AbstractHandlerMethodMapping$MappingRegistry.register(AbstractHandlerMethodMapping.java:543)] Mapped "{[/mappings || /mappings.json],methods=[GET],produces=[application/json]}" onto public java.lang.Object org.springframework.boot.actuate.endpoint.mvc.EndpointMvcAdapter.invoke()
2016-09-29 15:10:26,379 INFO  [main] [org.springframework.web.servlet.handler.AbstractHandlerMethodMapping$MappingRegistry.register(AbstractHandlerMethodMapping.java:543)] Mapped "{[/dump || /dump.json],methods=[GET],produces=[application/json]}" onto public java.lang.Object org.springframework.boot.actuate.endpoint.mvc.EndpointMvcAdapter.invoke()
2016-09-29 15:10:26,380 INFO  [main] [org.springframework.web.servlet.handler.AbstractHandlerMethodMapping$MappingRegistry.register(AbstractHandlerMethodMapping.java:543)] Mapped "{[/health || /health.json],produces=[application/json]}" onto public java.lang.Object org.springframework.boot.actuate.endpoint.mvc.HealthMvcEndpoint.invoke(java.security.Principal)
2016-09-29 15:10:26,381 INFO  [main] [org.springframework.web.servlet.handler.AbstractHandlerMethodMapping$MappingRegistry.register(AbstractHandlerMethodMapping.java:543)] Mapped "{[/beans || /beans.json],methods=[GET],produces=[application/json]}" onto public java.lang.Object org.springframework.boot.actuate.endpoint.mvc.EndpointMvcAdapter.invoke()
2016-09-29 15:10:26,382 INFO  [main] [org.springframework.web.servlet.handler.AbstractHandlerMethodMapping$MappingRegistry.register(AbstractHandlerMethodMapping.java:543)] Mapped "{[/configprops || /configprops.json],methods=[GET],produces=[application/json]}" onto public java.lang.Object org.springframework.boot.actuate.endpoint.mvc.EndpointMvcAdapter.invoke()
2016-09-29 15:10:26,383 INFO  [main] [org.springframework.web.servlet.handler.AbstractHandlerMethodMapping$MappingRegistry.register(AbstractHandlerMethodMapping.java:543)] Mapped "{[/env/{name:.*}],methods=[GET],produces=[application/json]}" onto public java.lang.Object org.springframework.boot.actuate.endpoint.mvc.EnvironmentMvcEndpoint.value(java.lang.String)
2016-09-29 15:10:26,383 INFO  [main] [org.springframework.web.servlet.handler.AbstractHandlerMethodMapping$MappingRegistry.register(AbstractHandlerMethodMapping.java:543)] Mapped "{[/env || /env.json],methods=[GET],produces=[application/json]}" onto public java.lang.Object org.springframework.boot.actuate.endpoint.mvc.EndpointMvcAdapter.invoke()
2016-09-29 15:10:26,387 INFO  [main] [org.springframework.web.servlet.handler.AbstractHandlerMethodMapping$MappingRegistry.register(AbstractHandlerMethodMapping.java:543)] Mapped "{[/metrics/{name:.*}],methods=[GET],produces=[application/json]}" onto public java.lang.Object org.springframework.boot.actuate.endpoint.mvc.MetricsMvcEndpoint.value(java.lang.String)
2016-09-29 15:10:26,387 INFO  [main] [org.springframework.web.servlet.handler.AbstractHandlerMethodMapping$MappingRegistry.register(AbstractHandlerMethodMapping.java:543)] Mapped "{[/metrics || /metrics.json],methods=[GET],produces=[application/json]}" onto public java.lang.Object org.springframework.boot.actuate.endpoint.mvc.EndpointMvcAdapter.invoke()
2016-09-29 15:10:26,388 INFO  [main] [org.springframework.web.servlet.handler.AbstractHandlerMethodMapping$MappingRegistry.register(AbstractHandlerMethodMapping.java:543)] Mapped "{[/trace || /trace.json],methods=[GET],produces=[application/json]}" onto public java.lang.Object org.springframework.boot.actuate.endpoint.mvc.EndpointMvcAdapter.invoke()
2016-09-29 15:10:26,389 INFO  [main] [org.springframework.web.servlet.handler.AbstractHandlerMethodMapping$MappingRegistry.register(AbstractHandlerMethodMapping.java:543)] Mapped "{[/autoconfig || /autoconfig.json],methods=[GET],produces=[application/json]}" onto public java.lang.Object org.springframework.boot.actuate.endpoint.mvc.EndpointMvcAdapter.invoke()
2016-09-29 15:10:26,589 INFO  [main] [org.springframework.jmx.export.MBeanExporter.afterSingletonsInstantiated(MBeanExporter.java:431)] Registering beans for JMX exposure on startup
2016-09-29 15:10:26,593 INFO  [main] [org.springframework.jmx.export.MBeanExporter.afterSingletonsInstantiated(MBeanExporter.java:431)] Registering beans for JMX exposure on startup
2016-09-29 15:10:26,599 INFO  [main] [org.springframework.context.support.DefaultLifecycleProcessor$LifecycleGroup.start(DefaultLifecycleProcessor.java:341)] Starting beans in phase 0
2016-09-29 15:10:26,605 INFO  [main] [org.springframework.jmx.export.MBeanExporter.registerBeanInstance(MBeanExporter.java:674)] Located managed bean 'requestMappingEndpoint': registering with JMX server as MBean [org.springframework.boot:type=Endpoint,name=requestMappingEndpoint]
2016-09-29 15:10:26,622 INFO  [main] [org.springframework.jmx.export.MBeanExporter.registerBeanInstance(MBeanExporter.java:674)] Located managed bean 'environmentEndpoint': registering with JMX server as MBean [org.springframework.boot:type=Endpoint,name=environmentEndpoint]
2016-09-29 15:10:26,626 INFO  [main] [org.springframework.jmx.export.MBeanExporter.registerBeanInstance(MBeanExporter.java:674)] Located managed bean 'healthEndpoint': registering with JMX server as MBean [org.springframework.boot:type=Endpoint,name=healthEndpoint]
2016-09-29 15:10:26,629 INFO  [main] [org.springframework.jmx.export.MBeanExporter.registerBeanInstance(MBeanExporter.java:674)] Located managed bean 'beansEndpoint': registering with JMX server as MBean [org.springframework.boot:type=Endpoint,name=beansEndpoint]
2016-09-29 15:10:26,632 INFO  [main] [org.springframework.jmx.export.MBeanExporter.registerBeanInstance(MBeanExporter.java:674)] Located managed bean 'infoEndpoint': registering with JMX server as MBean [org.springframework.boot:type=Endpoint,name=infoEndpoint]
2016-09-29 15:10:26,635 INFO  [main] [org.springframework.jmx.export.MBeanExporter.registerBeanInstance(MBeanExporter.java:674)] Located managed bean 'metricsEndpoint': registering with JMX server as MBean [org.springframework.boot:type=Endpoint,name=metricsEndpoint]
2016-09-29 15:10:26,637 INFO  [main] [org.springframework.jmx.export.MBeanExporter.registerBeanInstance(MBeanExporter.java:674)] Located managed bean 'traceEndpoint': registering with JMX server as MBean [org.springframework.boot:type=Endpoint,name=traceEndpoint]
2016-09-29 15:10:26,640 INFO  [main] [org.springframework.jmx.export.MBeanExporter.registerBeanInstance(MBeanExporter.java:674)] Located managed bean 'dumpEndpoint': registering with JMX server as MBean [org.springframework.boot:type=Endpoint,name=dumpEndpoint]
2016-09-29 15:10:26,645 INFO  [main] [org.springframework.jmx.export.MBeanExporter.registerBeanInstance(MBeanExporter.java:674)] Located managed bean 'autoConfigurationReportEndpoint': registering with JMX server as MBean [org.springframework.boot:type=Endpoint,name=autoConfigurationReportEndpoint]
2016-09-29 15:10:26,647 INFO  [main] [org.springframework.jmx.export.MBeanExporter.registerBeanInstance(MBeanExporter.java:674)] Located managed bean 'configurationPropertiesReportEndpoint': registering with JMX server as MBean [org.springframework.boot:type=Endpoint,name=configurationPropertiesReportEndpoint]
2016-09-29 15:10:26,661 INFO  [main] [org.apache.juli.logging.DirectJDKLog.log(DirectJDKLog.java:179)] Initializing ProtocolHandler ["http-nio-8000"]
2016-09-29 15:10:26,668 INFO  [main] [org.apache.juli.logging.DirectJDKLog.log(DirectJDKLog.java:179)] Starting ProtocolHandler [http-nio-8000]
2016-09-29 15:10:26,671 INFO  [main] [org.apache.juli.logging.DirectJDKLog.log(DirectJDKLog.java:179)] Using a shared selector for servlet write/read
2016-09-29 15:10:26,687 INFO  [main] [org.springframework.boot.context.embedded.tomcat.TomcatEmbeddedServletContainer.start(TomcatEmbeddedServletContainer.java:186)] Tomcat started on port(s): 8000 (http)
2016-09-29 15:10:26,690 INFO  [main] [org.springframework.boot.StartupInfoLogger.logStarted(StartupInfoLogger.java:57)] Started App in 3.675 seconds (JVM running for 4.46)
2016-09-29 15:10:35,959 INFO  [http-nio-8000-exec-1] [org.apache.juli.logging.DirectJDKLog.log(DirectJDKLog.java:179)] Initializing Spring FrameworkServlet 'dispatcherServlet'
2016-09-29 15:10:35,959 INFO  [http-nio-8000-exec-1] [org.springframework.web.servlet.FrameworkServlet.initServletBean(FrameworkServlet.java:489)] FrameworkServlet 'dispatcherServlet': initialization started
2016-09-29 15:10:35,972 INFO  [http-nio-8000-exec-1] [org.springframework.web.servlet.FrameworkServlet.initServletBean(FrameworkServlet.java:508)] FrameworkServlet 'dispatcherServlet': initialization completed in 12 ms
2016-09-29 15:12:04,868 INFO  [RMI TCP Connection(2)-127.0.0.1] [org.springframework.boot.admin.SpringApplicationAdminMXBeanRegistrar$SpringApplicationAdmin.shutdown(SpringApplicationAdminMXBeanRegistrar.java:125)] Application shutdown requested.
2016-09-29 15:12:04,868 INFO  [RMI TCP Connection(2)-127.0.0.1] [org.springframework.context.support.AbstractApplicationContext.doClose(AbstractApplicationContext.java:982)] Closing org.springframework.boot.context.embedded.AnnotationConfigEmbeddedWebApplicationContext@43dac38f: startup date [Thu Sep 29 15:10:23 CST 2016]; root of context hierarchy
2016-09-29 15:12:04,874 INFO  [RMI TCP Connection(2)-127.0.0.1] [org.springframework.context.support.DefaultLifecycleProcessor$LifecycleGroup.stop(DefaultLifecycleProcessor.java:356)] Stopping beans in phase 0
2016-09-29 15:12:04,875 INFO  [RMI TCP Connection(2)-127.0.0.1] [org.springframework.jmx.export.MBeanExporter.destroy(MBeanExporter.java:449)] Unregistering JMX-exposed beans on shutdown
2016-09-29 15:12:04,875 INFO  [RMI TCP Connection(2)-127.0.0.1] [org.springframework.jmx.support.MBeanRegistrationSupport.unregisterBeans(MBeanRegistrationSupport.java:241)] Unregistering JMX-exposed beans
2016-09-29 15:12:04,876 INFO  [RMI TCP Connection(2)-127.0.0.1] [org.springframework.jmx.export.MBeanExporter.destroy(MBeanExporter.java:449)] Unregistering JMX-exposed beans on shutdown
2016-09-29 15:12:09,472 INFO  [main] [org.springframework.boot.StartupInfoLogger.logStarting(StartupInfoLogger.java:48)] Starting App on mackie with PID 4304 (/home/mackie/git/spring_project/mackie/target/classes started by mackie in /home/mackie/git/spring_project/mackie)
2016-09-29 15:12:09,483 INFO  [main] [org.springframework.boot.SpringApplication.logStartupProfileInfo(SpringApplication.java:659)] No active profile set, falling back to default profiles: default
2016-09-29 15:12:09,556 INFO  [main] [org.springframework.context.support.AbstractApplicationContext.prepareRefresh(AbstractApplicationContext.java:581)] Refreshing org.springframework.boot.context.embedded.AnnotationConfigEmbeddedWebApplicationContext@43dac38f: startup date [Thu Sep 29 15:12:09 CST 2016]; root of context hierarchy
2016-09-29 15:12:09,669 INFO  [background-preinit] [org.hibernate.validator.internal.util.Version.<clinit>(Version.java:30)] HV000001: Hibernate Validator 5.2.4.Final
2016-09-29 15:12:10,497 INFO  [main] [org.springframework.context.support.PostProcessorRegistrationDelegate$BeanPostProcessorChecker.postProcessAfterInitialization(PostProcessorRegistrationDelegate.java:328)] Bean 'org.springframework.transaction.annotation.ProxyTransactionManagementConfiguration' of type [class org.springframework.transaction.annotation.ProxyTransactionManagementConfiguration$$EnhancerBySpringCGLIB$$a4dfc831] is not eligible for getting processed by all BeanPostProcessors (for example: not eligible for auto-proxying)
2016-09-29 15:12:10,852 INFO  [main] [org.springframework.boot.context.embedded.tomcat.TomcatEmbeddedServletContainer.initialize(TomcatEmbeddedServletContainer.java:88)] Tomcat initialized with port(s): 8000 (http)
2016-09-29 15:12:10,863 INFO  [main] [org.apache.juli.logging.DirectJDKLog.log(DirectJDKLog.java:179)] Starting service Tomcat
2016-09-29 15:12:10,864 INFO  [main] [org.apache.juli.logging.DirectJDKLog.log(DirectJDKLog.java:179)] Starting Servlet Engine: Apache Tomcat/8.5.4
2016-09-29 15:12:10,965 INFO  [localhost-startStop-1] [org.apache.juli.logging.DirectJDKLog.log(DirectJDKLog.java:179)] Initializing Spring embedded WebApplicationContext
2016-09-29 15:12:10,966 INFO  [localhost-startStop-1] [org.springframework.boot.context.embedded.EmbeddedWebApplicationContext.prepareEmbeddedWebApplicationContext(EmbeddedWebApplicationContext.java:276)] Root WebApplicationContext: initialization completed in 1413 ms
2016-09-29 15:12:11,260 INFO  [localhost-startStop-1] [org.springframework.boot.web.servlet.ServletRegistrationBean.onStartup(ServletRegistrationBean.java:190)] Mapping servlet: 'dispatcherServlet' to [/]
2016-09-29 15:12:11,266 INFO  [localhost-startStop-1] [org.springframework.boot.web.servlet.AbstractFilterRegistrationBean.configure(AbstractFilterRegistrationBean.java:258)] Mapping filter: 'metricFilter' to: [/*]
2016-09-29 15:12:11,267 INFO  [localhost-startStop-1] [org.springframework.boot.web.servlet.AbstractFilterRegistrationBean.configure(AbstractFilterRegistrationBean.java:258)] Mapping filter: 'characterEncodingFilter' to: [/*]
2016-09-29 15:12:11,267 INFO  [localhost-startStop-1] [org.springframework.boot.web.servlet.AbstractFilterRegistrationBean.configure(AbstractFilterRegistrationBean.java:258)] Mapping filter: 'hiddenHttpMethodFilter' to: [/*]
2016-09-29 15:12:11,268 INFO  [localhost-startStop-1] [org.springframework.boot.web.servlet.AbstractFilterRegistrationBean.configure(AbstractFilterRegistrationBean.java:258)] Mapping filter: 'httpPutFormContentFilter' to: [/*]
2016-09-29 15:12:11,268 INFO  [localhost-startStop-1] [org.springframework.boot.web.servlet.AbstractFilterRegistrationBean.configure(AbstractFilterRegistrationBean.java:258)] Mapping filter: 'requestContextFilter' to: [/*]
2016-09-29 15:12:11,269 INFO  [localhost-startStop-1] [org.springframework.boot.web.servlet.AbstractFilterRegistrationBean.configure(AbstractFilterRegistrationBean.java:258)] Mapping filter: 'webRequestLoggingFilter' to: [/*]
2016-09-29 15:12:11,270 INFO  [localhost-startStop-1] [org.springframework.boot.web.servlet.AbstractFilterRegistrationBean.configure(AbstractFilterRegistrationBean.java:258)] Mapping filter: 'applicationContextIdFilter' to: [/*]
2016-09-29 15:12:12,019 INFO  [main] [org.springframework.web.servlet.mvc.method.annotation.RequestMappingHandlerAdapter.initControllerAdviceCache(RequestMappingHandlerAdapter.java:534)] Looking for @ControllerAdvice: org.springframework.boot.context.embedded.AnnotationConfigEmbeddedWebApplicationContext@43dac38f: startup date [Thu Sep 29 15:12:09 CST 2016]; root of context hierarchy
2016-09-29 15:12:12,071 INFO  [main] [org.springframework.web.servlet.handler.AbstractHandlerMethodMapping$MappingRegistry.register(AbstractHandlerMethodMapping.java:543)] Mapped "{[/user]}" onto public com.mackie.domain.UserDO com.mackie.App.user()
2016-09-29 15:12:12,072 INFO  [main] [org.springframework.web.servlet.handler.AbstractHandlerMethodMapping$MappingRegistry.register(AbstractHandlerMethodMapping.java:543)] Mapped "{[/aaa]}" onto java.lang.String com.mackie.App.home(javax.servlet.http.HttpServletRequest)
2016-09-29 15:12:12,072 INFO  [main] [org.springframework.web.servlet.handler.AbstractHandlerMethodMapping$MappingRegistry.register(AbstractHandlerMethodMapping.java:543)] Mapped "{[/test1]}" onto public com.mackie.domain.UserDO com.mackie.App.test()
2016-09-29 15:12:12,074 INFO  [main] [org.springframework.web.servlet.handler.AbstractHandlerMethodMapping$MappingRegistry.register(AbstractHandlerMethodMapping.java:543)] Mapped "{[/error],produces=[text/html]}" onto public org.springframework.web.servlet.ModelAndView org.springframework.boot.autoconfigure.web.BasicErrorController.errorHtml(javax.servlet.http.HttpServletRequest,javax.servlet.http.HttpServletResponse)
2016-09-29 15:12:12,074 INFO  [main] [org.springframework.web.servlet.handler.AbstractHandlerMethodMapping$MappingRegistry.register(AbstractHandlerMethodMapping.java:543)] Mapped "{[/error]}" onto public org.springframework.http.ResponseEntity<java.util.Map<java.lang.String, java.lang.Object>> org.springframework.boot.autoconfigure.web.BasicErrorController.error(javax.servlet.http.HttpServletRequest)
2016-09-29 15:12:12,079 INFO  [main] [org.springframework.boot.autoconfigure.web.WebMvcAutoConfiguration$WebMvcAutoConfigurationAdapter.addViewControllers(WebMvcAutoConfiguration.java:303)] Adding welcome page: ServletContext resource [/index.html]
2016-09-29 15:12:12,092 INFO  [main] [org.springframework.web.servlet.handler.AbstractUrlHandlerMapping.registerHandler(AbstractUrlHandlerMapping.java:341)] Root mapping to handler of type [class org.springframework.web.servlet.mvc.ParameterizableViewController]
2016-09-29 15:12:12,102 INFO  [main] [org.springframework.web.servlet.handler.AbstractUrlHandlerMapping.registerHandler(AbstractUrlHandlerMapping.java:354)] Mapped URL path [/webjars/**] onto handler of type [class org.springframework.web.servlet.resource.ResourceHttpRequestHandler]
2016-09-29 15:12:12,102 INFO  [main] [org.springframework.web.servlet.handler.AbstractUrlHandlerMapping.registerHandler(AbstractUrlHandlerMapping.java:354)] Mapped URL path [/**] onto handler of type [class org.springframework.web.servlet.resource.ResourceHttpRequestHandler]
2016-09-29 15:12:12,137 INFO  [main] [org.springframework.web.servlet.handler.AbstractUrlHandlerMapping.registerHandler(AbstractUrlHandlerMapping.java:354)] Mapped URL path [/**/favicon.ico] onto handler of type [class org.springframework.web.servlet.resource.ResourceHttpRequestHandler]
2016-09-29 15:12:12,497 INFO  [main] [org.springframework.web.servlet.handler.AbstractHandlerMethodMapping$MappingRegistry.register(AbstractHandlerMethodMapping.java:543)] Mapped "{[/heapdump || /heapdump.json],methods=[GET],produces=[application/octet-stream]}" onto public void org.springframework.boot.actuate.endpoint.mvc.HeapdumpMvcEndpoint.invoke(boolean,javax.servlet.http.HttpServletRequest,javax.servlet.http.HttpServletResponse) throws java.io.IOException,javax.servlet.ServletException
2016-09-29 15:12:12,499 INFO  [main] [org.springframework.web.servlet.handler.AbstractHandlerMethodMapping$MappingRegistry.register(AbstractHandlerMethodMapping.java:543)] Mapped "{[/info || /info.json],methods=[GET],produces=[application/json]}" onto public java.lang.Object org.springframework.boot.actuate.endpoint.mvc.EndpointMvcAdapter.invoke()
2016-09-29 15:12:12,500 INFO  [main] [org.springframework.web.servlet.handler.AbstractHandlerMethodMapping$MappingRegistry.register(AbstractHandlerMethodMapping.java:543)] Mapped "{[/mappings || /mappings.json],methods=[GET],produces=[application/json]}" onto public java.lang.Object org.springframework.boot.actuate.endpoint.mvc.EndpointMvcAdapter.invoke()
2016-09-29 15:12:12,501 INFO  [main] [org.springframework.web.servlet.handler.AbstractHandlerMethodMapping$MappingRegistry.register(AbstractHandlerMethodMapping.java:543)] Mapped "{[/dump || /dump.json],methods=[GET],produces=[application/json]}" onto public java.lang.Object org.springframework.boot.actuate.endpoint.mvc.EndpointMvcAdapter.invoke()
2016-09-29 15:12:12,501 INFO  [main] [org.springframework.web.servlet.handler.AbstractHandlerMethodMapping$MappingRegistry.register(AbstractHandlerMethodMapping.java:543)] Mapped "{[/health || /health.json],produces=[application/json]}" onto public java.lang.Object org.springframework.boot.actuate.endpoint.mvc.HealthMvcEndpoint.invoke(java.security.Principal)
2016-09-29 15:12:12,502 INFO  [main] [org.springframework.web.servlet.handler.AbstractHandlerMethodMapping$MappingRegistry.register(AbstractHandlerMethodMapping.java:543)] Mapped "{[/beans || /beans.json],methods=[GET],produces=[application/json]}" onto public java.lang.Object org.springframework.boot.actuate.endpoint.mvc.EndpointMvcAdapter.invoke()
2016-09-29 15:12:12,503 INFO  [main] [org.springframework.web.servlet.handler.AbstractHandlerMethodMapping$MappingRegistry.register(AbstractHandlerMethodMapping.java:543)] Mapped "{[/configprops || /configprops.json],methods=[GET],produces=[application/json]}" onto public java.lang.Object org.springframework.boot.actuate.endpoint.mvc.EndpointMvcAdapter.invoke()
2016-09-29 15:12:12,505 INFO  [main] [org.springframework.web.servlet.handler.AbstractHandlerMethodMapping$MappingRegistry.register(AbstractHandlerMethodMapping.java:543)] Mapped "{[/env/{name:.*}],methods=[GET],produces=[application/json]}" onto public java.lang.Object org.springframework.boot.actuate.endpoint.mvc.EnvironmentMvcEndpoint.value(java.lang.String)
2016-09-29 15:12:12,505 INFO  [main] [org.springframework.web.servlet.handler.AbstractHandlerMethodMapping$MappingRegistry.register(AbstractHandlerMethodMapping.java:543)] Mapped "{[/env || /env.json],methods=[GET],produces=[application/json]}" onto public java.lang.Object org.springframework.boot.actuate.endpoint.mvc.EndpointMvcAdapter.invoke()
2016-09-29 15:12:12,508 INFO  [main] [org.springframework.web.servlet.handler.AbstractHandlerMethodMapping$MappingRegistry.register(AbstractHandlerMethodMapping.java:543)] Mapped "{[/metrics/{name:.*}],methods=[GET],produces=[application/json]}" onto public java.lang.Object org.springframework.boot.actuate.endpoint.mvc.MetricsMvcEndpoint.value(java.lang.String)
2016-09-29 15:12:12,508 INFO  [main] [org.springframework.web.servlet.handler.AbstractHandlerMethodMapping$MappingRegistry.register(AbstractHandlerMethodMapping.java:543)] Mapped "{[/metrics || /metrics.json],methods=[GET],produces=[application/json]}" onto public java.lang.Object org.springframework.boot.actuate.endpoint.mvc.EndpointMvcAdapter.invoke()
2016-09-29 15:12:12,509 INFO  [main] [org.springframework.web.servlet.handler.AbstractHandlerMethodMapping$MappingRegistry.register(AbstractHandlerMethodMapping.java:543)] Mapped "{[/trace || /trace.json],methods=[GET],produces=[application/json]}" onto public java.lang.Object org.springframework.boot.actuate.endpoint.mvc.EndpointMvcAdapter.invoke()
2016-09-29 15:12:12,509 INFO  [main] [org.springframework.web.servlet.handler.AbstractHandlerMethodMapping$MappingRegistry.register(AbstractHandlerMethodMapping.java:543)] Mapped "{[/autoconfig || /autoconfig.json],methods=[GET],produces=[application/json]}" onto public java.lang.Object org.springframework.boot.actuate.endpoint.mvc.EndpointMvcAdapter.invoke()
2016-09-29 15:12:12,698 INFO  [main] [org.springframework.jmx.export.MBeanExporter.afterSingletonsInstantiated(MBeanExporter.java:431)] Registering beans for JMX exposure on startup
2016-09-29 15:12:12,706 INFO  [main] [org.springframework.jmx.export.MBeanExporter.afterSingletonsInstantiated(MBeanExporter.java:431)] Registering beans for JMX exposure on startup
2016-09-29 15:12:12,709 INFO  [main] [org.springframework.context.support.DefaultLifecycleProcessor$LifecycleGroup.start(DefaultLifecycleProcessor.java:341)] Starting beans in phase 0
2016-09-29 15:12:12,716 INFO  [main] [org.springframework.jmx.export.MBeanExporter.registerBeanInstance(MBeanExporter.java:674)] Located managed bean 'requestMappingEndpoint': registering with JMX server as MBean [org.springframework.boot:type=Endpoint,name=requestMappingEndpoint]
2016-09-29 15:12:12,755 INFO  [main] [org.springframework.jmx.export.MBeanExporter.registerBeanInstance(MBeanExporter.java:674)] Located managed bean 'environmentEndpoint': registering with JMX server as MBean [org.springframework.boot:type=Endpoint,name=environmentEndpoint]
2016-09-29 15:12:12,760 INFO  [main] [org.springframework.jmx.export.MBeanExporter.registerBeanInstance(MBeanExporter.java:674)] Located managed bean 'healthEndpoint': registering with JMX server as MBean [org.springframework.boot:type=Endpoint,name=healthEndpoint]
2016-09-29 15:12:12,770 INFO  [main] [org.springframework.jmx.export.MBeanExporter.registerBeanInstance(MBeanExporter.java:674)] Located managed bean 'beansEndpoint': registering with JMX server as MBean [org.springframework.boot:type=Endpoint,name=beansEndpoint]
2016-09-29 15:12:12,773 INFO  [main] [org.springframework.jmx.export.MBeanExporter.registerBeanInstance(MBeanExporter.java:674)] Located managed bean 'infoEndpoint': registering with JMX server as MBean [org.springframework.boot:type=Endpoint,name=infoEndpoint]
2016-09-29 15:12:12,787 INFO  [main] [org.springframework.jmx.export.MBeanExporter.registerBeanInstance(MBeanExporter.java:674)] Located managed bean 'metricsEndpoint': registering with JMX server as MBean [org.springframework.boot:type=Endpoint,name=metricsEndpoint]
2016-09-29 15:12:12,789 INFO  [main] [org.springframework.jmx.export.MBeanExporter.registerBeanInstance(MBeanExporter.java:674)] Located managed bean 'traceEndpoint': registering with JMX server as MBean [org.springframework.boot:type=Endpoint,name=traceEndpoint]
2016-09-29 15:12:12,794 INFO  [main] [org.springframework.jmx.export.MBeanExporter.registerBeanInstance(MBeanExporter.java:674)] Located managed bean 'dumpEndpoint': registering with JMX server as MBean [org.springframework.boot:type=Endpoint,name=dumpEndpoint]
2016-09-29 15:12:12,806 INFO  [main] [org.springframework.jmx.export.MBeanExporter.registerBeanInstance(MBeanExporter.java:674)] Located managed bean 'autoConfigurationReportEndpoint': registering with JMX server as MBean [org.springframework.boot:type=Endpoint,name=autoConfigurationReportEndpoint]
2016-09-29 15:12:12,829 INFO  [main] [org.springframework.jmx.export.MBeanExporter.registerBeanInstance(MBeanExporter.java:674)] Located managed bean 'configurationPropertiesReportEndpoint': registering with JMX server as MBean [org.springframework.boot:type=Endpoint,name=configurationPropertiesReportEndpoint]
2016-09-29 15:12:12,863 INFO  [main] [org.apache.juli.logging.DirectJDKLog.log(DirectJDKLog.java:179)] Initializing ProtocolHandler ["http-nio-8000"]
2016-09-29 15:12:12,874 INFO  [main] [org.apache.juli.logging.DirectJDKLog.log(DirectJDKLog.java:179)] Starting ProtocolHandler [http-nio-8000]
2016-09-29 15:12:12,881 INFO  [main] [org.apache.juli.logging.DirectJDKLog.log(DirectJDKLog.java:179)] Using a shared selector for servlet write/read
2016-09-29 15:12:12,905 INFO  [main] [org.springframework.boot.context.embedded.tomcat.TomcatEmbeddedServletContainer.start(TomcatEmbeddedServletContainer.java:186)] Tomcat started on port(s): 8000 (http)
2016-09-29 15:12:12,909 INFO  [main] [org.springframework.boot.StartupInfoLogger.logStarted(StartupInfoLogger.java:57)] Started App in 3.792 seconds (JVM running for 4.389)
2016-09-29 15:12:15,931 INFO  [http-nio-8000-exec-1] [org.apache.juli.logging.DirectJDKLog.log(DirectJDKLog.java:179)] Initializing Spring FrameworkServlet 'dispatcherServlet'
2016-09-29 15:12:15,931 INFO  [http-nio-8000-exec-1] [org.springframework.web.servlet.FrameworkServlet.initServletBean(FrameworkServlet.java:489)] FrameworkServlet 'dispatcherServlet': initialization started
2016-09-29 15:12:15,946 INFO  [http-nio-8000-exec-1] [org.springframework.web.servlet.FrameworkServlet.initServletBean(FrameworkServlet.java:508)] FrameworkServlet 'dispatcherServlet': initialization completed in 15 ms
2016-09-29 16:08:03,953 INFO  [RMI TCP Connection(2)-127.0.0.1] [org.springframework.boot.admin.SpringApplicationAdminMXBeanRegistrar$SpringApplicationAdmin.shutdown(SpringApplicationAdminMXBeanRegistrar.java:125)] Application shutdown requested.
2016-09-29 16:08:03,953 INFO  [RMI TCP Connection(2)-127.0.0.1] [org.springframework.context.support.AbstractApplicationContext.doClose(AbstractApplicationContext.java:982)] Closing org.springframework.boot.context.embedded.AnnotationConfigEmbeddedWebApplicationContext@43dac38f: startup date [Thu Sep 29 15:12:09 CST 2016]; root of context hierarchy
2016-09-29 16:08:03,956 INFO  [RMI TCP Connection(2)-127.0.0.1] [org.springframework.context.support.DefaultLifecycleProcessor$LifecycleGroup.stop(DefaultLifecycleProcessor.java:356)] Stopping beans in phase 0
2016-09-29 16:08:03,957 INFO  [RMI TCP Connection(2)-127.0.0.1] [org.springframework.jmx.export.MBeanExporter.destroy(MBeanExporter.java:449)] Unregistering JMX-exposed beans on shutdown
2016-09-29 16:08:03,957 INFO  [RMI TCP Connection(2)-127.0.0.1] [org.springframework.jmx.support.MBeanRegistrationSupport.unregisterBeans(MBeanRegistrationSupport.java:241)] Unregistering JMX-exposed beans
2016-09-29 16:08:03,957 INFO  [RMI TCP Connection(2)-127.0.0.1] [org.springframework.jmx.export.MBeanExporter.destroy(MBeanExporter.java:449)] Unregistering JMX-exposed beans on shutdown
