2016-10-14 16:20:24,759 INFO  [restartedMain] [org.springframework.boot.StartupInfoLogger.logStarting(StartupInfoLogger.java:48)] Starting App on mackie with PID 9856 (/home/mackie/git/spring_project/mackie/target/classes started by mackie in /home/mackie/git/spring_project/mackie)
2016-10-14 16:20:24,772 INFO  [restartedMain] [org.springframework.boot.SpringApplication.logStartupProfileInfo(SpringApplication.java:661)] No active profile set, falling back to default profiles: default
2016-10-14 16:20:24,883 INFO  [restartedMain] [org.springframework.context.support.AbstractApplicationContext.prepareRefresh(AbstractApplicationContext.java:581)] Refreshing org.springframework.boot.context.embedded.AnnotationConfigEmbeddedWebApplicationContext@6fcfe672: startup date [Fri Oct 14 16:20:24 CST 2016]; root of context hierarchy
2016-10-14 16:20:25,063 INFO  [background-preinit] [org.hibernate.validator.internal.util.Version.<clinit>(Version.java:30)] HV000001: Hibernate Validator 5.2.4.Final
2016-10-14 16:20:26,153 INFO  [restartedMain] [org.springframework.data.repository.config.RepositoryConfigurationDelegate.multipleStoresDetected(RepositoryConfigurationDelegate.java:170)] Multiple Spring Data modules found, entering strict repository configuration mode!
2016-10-14 16:20:26,867 INFO  [restartedMain] [org.springframework.context.support.PostProcessorRegistrationDelegate$BeanPostProcessorChecker.postProcessAfterInitialization(PostProcessorRegistrationDelegate.java:328)] Bean 'org.springframework.transaction.annotation.ProxyTransactionManagementConfiguration' of type [class org.springframework.transaction.annotation.ProxyTransactionManagementConfiguration$$EnhancerBySpringCGLIB$$6054fdbe] is not eligible for getting processed by all BeanPostProcessors (for example: not eligible for auto-proxying)
2016-10-14 16:20:27,454 INFO  [restartedMain] [org.springframework.boot.context.embedded.tomcat.TomcatEmbeddedServletContainer.initialize(TomcatEmbeddedServletContainer.java:87)] Tomcat initialized with port(s): 8000 (http)
2016-10-14 16:20:27,475 INFO  [restartedMain] [org.apache.juli.logging.DirectJDKLog.log(DirectJDKLog.java:179)] Starting service Tomcat
2016-10-14 16:20:27,476 INFO  [restartedMain] [org.apache.juli.logging.DirectJDKLog.log(DirectJDKLog.java:179)] Starting Servlet Engine: Apache Tomcat/8.5.5
2016-10-14 16:20:27,570 INFO  [localhost-startStop-1] [org.apache.juli.logging.DirectJDKLog.log(DirectJDKLog.java:179)] Initializing Spring embedded WebApplicationContext
2016-10-14 16:20:27,573 INFO  [localhost-startStop-1] [org.springframework.boot.context.embedded.EmbeddedWebApplicationContext.prepareEmbeddedWebApplicationContext(EmbeddedWebApplicationContext.java:276)] Root WebApplicationContext: initialization completed in 2696 ms
2016-10-14 16:20:27,883 INFO  [localhost-startStop-1] [org.springframework.boot.web.servlet.ServletRegistrationBean.onStartup(ServletRegistrationBean.java:190)] Mapping servlet: 'dispatcherServlet' to [/]
2016-10-14 16:20:27,887 INFO  [localhost-startStop-1] [org.springframework.boot.web.servlet.AbstractFilterRegistrationBean.configure(AbstractFilterRegistrationBean.java:258)] Mapping filter: 'metricsFilter' to: [/*]
2016-10-14 16:20:27,888 INFO  [localhost-startStop-1] [org.springframework.boot.web.servlet.AbstractFilterRegistrationBean.configure(AbstractFilterRegistrationBean.java:258)] Mapping filter: 'characterEncodingFilter' to: [/*]
2016-10-14 16:20:27,888 INFO  [localhost-startStop-1] [org.springframework.boot.web.servlet.AbstractFilterRegistrationBean.configure(AbstractFilterRegistrationBean.java:258)] Mapping filter: 'hiddenHttpMethodFilter' to: [/*]
2016-10-14 16:20:27,888 INFO  [localhost-startStop-1] [org.springframework.boot.web.servlet.AbstractFilterRegistrationBean.configure(AbstractFilterRegistrationBean.java:258)] Mapping filter: 'httpPutFormContentFilter' to: [/*]
2016-10-14 16:20:27,889 INFO  [localhost-startStop-1] [org.springframework.boot.web.servlet.AbstractFilterRegistrationBean.configure(AbstractFilterRegistrationBean.java:258)] Mapping filter: 'requestContextFilter' to: [/*]
2016-10-14 16:20:27,889 INFO  [localhost-startStop-1] [org.springframework.boot.web.servlet.AbstractFilterRegistrationBean.configure(AbstractFilterRegistrationBean.java:258)] Mapping filter: 'webRequestLoggingFilter' to: [/*]
2016-10-14 16:20:27,889 INFO  [localhost-startStop-1] [org.springframework.boot.web.servlet.AbstractFilterRegistrationBean.configure(AbstractFilterRegistrationBean.java:258)] Mapping filter: 'applicationContextIdFilter' to: [/*]
2016-10-14 16:20:28,239 INFO  [restartedMain] [org.springframework.scheduling.concurrent.ExecutorConfigurationSupport.initialize(ExecutorConfigurationSupport.java:165)] Initializing ExecutorService 
2016-10-14 16:20:28,585 INFO  [restartedMain] [org.springframework.scheduling.concurrent.ExecutorConfigurationSupport.initialize(ExecutorConfigurationSupport.java:165)] Initializing ExecutorService  'clientInboundChannelExecutor'
2016-10-14 16:20:28,590 INFO  [restartedMain] [org.springframework.scheduling.concurrent.ExecutorConfigurationSupport.initialize(ExecutorConfigurationSupport.java:165)] Initializing ExecutorService  'clientOutboundChannelExecutor'
2016-10-14 16:20:28,601 INFO  [restartedMain] [org.springframework.scheduling.concurrent.ExecutorConfigurationSupport.initialize(ExecutorConfigurationSupport.java:165)] Initializing ExecutorService  'messageBrokerTaskScheduler'
2016-10-14 16:20:28,652 INFO  [restartedMain] [org.springframework.web.servlet.handler.AbstractUrlHandlerMapping.registerHandler(AbstractUrlHandlerMapping.java:354)] Mapped URL path [/gs-guide-websocket/**] onto handler of type [class org.springframework.web.socket.sockjs.support.SockJsHttpRequestHandler]
2016-10-14 16:20:28,671 INFO  [restartedMain] [org.springframework.scheduling.concurrent.ExecutorConfigurationSupport.initialize(ExecutorConfigurationSupport.java:165)] Initializing ExecutorService  'brokerChannelExecutor'
2016-10-14 16:20:28,977 INFO  [restartedMain] [org.springframework.messaging.handler.invocation.AbstractMethodMessageHandler.registerHandlerMethod(AbstractMethodMessageHandler.java:330)] Mapped "{[/hello],messageType=[MESSAGE]}" onto public com.mackie.domain.Greeting com.mackie.websocket.GreetingController.greeting(com.mackie.domain.HelloMessage) throws java.lang.Exception
2016-10-14 16:20:29,100 INFO  [restartedMain] [org.springframework.web.servlet.mvc.method.annotation.RequestMappingHandlerAdapter.initControllerAdviceCache(RequestMappingHandlerAdapter.java:534)] Looking for @ControllerAdvice: org.springframework.boot.context.embedded.AnnotationConfigEmbeddedWebApplicationContext@6fcfe672: startup date [Fri Oct 14 16:20:24 CST 2016]; root of context hierarchy
2016-10-14 16:20:29,178 INFO  [restartedMain] [org.springframework.web.servlet.handler.AbstractHandlerMethodMapping$MappingRegistry.register(AbstractHandlerMethodMapping.java:543)] Mapped "{[/user]}" onto public com.mackie.domain.UserDO com.mackie.App.user()
2016-10-14 16:20:29,179 INFO  [restartedMain] [org.springframework.web.servlet.handler.AbstractHandlerMethodMapping$MappingRegistry.register(AbstractHandlerMethodMapping.java:543)] Mapped "{[/aaa]}" onto java.lang.String com.mackie.App.home(javax.servlet.http.HttpServletRequest)
2016-10-14 16:20:29,180 INFO  [restartedMain] [org.springframework.web.servlet.handler.AbstractHandlerMethodMapping$MappingRegistry.register(AbstractHandlerMethodMapping.java:543)] Mapped "{[/test1]}" onto public com.mackie.domain.UserDO com.mackie.App.test()
2016-10-14 16:20:29,181 INFO  [restartedMain] [org.springframework.web.servlet.handler.AbstractHandlerMethodMapping$MappingRegistry.register(AbstractHandlerMethodMapping.java:543)] Mapped "{[/redisTest]}" onto public com.mackie.domain.UserDO com.mackie.controller.RedisController.redisTest()
2016-10-14 16:20:29,184 INFO  [restartedMain] [org.springframework.web.servlet.handler.AbstractHandlerMethodMapping$MappingRegistry.register(AbstractHandlerMethodMapping.java:543)] Mapped "{[/error],produces=[text/html]}" onto public org.springframework.web.servlet.ModelAndView org.springframework.boot.autoconfigure.web.BasicErrorController.errorHtml(javax.servlet.http.HttpServletRequest,javax.servlet.http.HttpServletResponse)
2016-10-14 16:20:29,188 INFO  [restartedMain] [org.springframework.web.servlet.handler.AbstractHandlerMethodMapping$MappingRegistry.register(AbstractHandlerMethodMapping.java:543)] Mapped "{[/error]}" onto public org.springframework.http.ResponseEntity<java.util.Map<java.lang.String, java.lang.Object>> org.springframework.boot.autoconfigure.web.BasicErrorController.error(javax.servlet.http.HttpServletRequest)
2016-10-14 16:20:29,352 INFO  [restartedMain] [org.springframework.web.servlet.handler.AbstractUrlHandlerMapping.registerHandler(AbstractUrlHandlerMapping.java:354)] Mapped URL path [/webjars/**] onto handler of type [class org.springframework.web.servlet.resource.ResourceHttpRequestHandler]
2016-10-14 16:20:29,355 INFO  [restartedMain] [org.springframework.web.servlet.handler.AbstractUrlHandlerMapping.registerHandler(AbstractUrlHandlerMapping.java:354)] Mapped URL path [/**] onto handler of type [class org.springframework.web.servlet.resource.ResourceHttpRequestHandler]
2016-10-14 16:20:29,420 INFO  [restartedMain] [org.springframework.web.servlet.handler.AbstractUrlHandlerMapping.registerHandler(AbstractUrlHandlerMapping.java:354)] Mapped URL path [/**/favicon.ico] onto handler of type [class org.springframework.web.servlet.resource.ResourceHttpRequestHandler]
2016-10-14 16:20:29,437 INFO  [restartedMain] [org.springframework.boot.autoconfigure.web.WebMvcAutoConfiguration$WelcomePageHandlerMapping.<init>(WebMvcAutoConfiguration.java:509)] Adding welcome page: class path resource [static/index.html]
2016-10-14 16:20:29,830 INFO  [restartedMain] [org.springframework.web.servlet.handler.AbstractHandlerMethodMapping$MappingRegistry.register(AbstractHandlerMethodMapping.java:543)] Mapped "{[/trace || /trace.json],methods=[GET],produces=[application/json]}" onto public java.lang.Object org.springframework.boot.actuate.endpoint.mvc.EndpointMvcAdapter.invoke()
2016-10-14 16:20:29,831 INFO  [restartedMain] [org.springframework.web.servlet.handler.AbstractHandlerMethodMapping$MappingRegistry.register(AbstractHandlerMethodMapping.java:543)] Mapped "{[/mappings || /mappings.json],methods=[GET],produces=[application/json]}" onto public java.lang.Object org.springframework.boot.actuate.endpoint.mvc.EndpointMvcAdapter.invoke()
2016-10-14 16:20:29,831 INFO  [restartedMain] [org.springframework.web.servlet.handler.AbstractHandlerMethodMapping$MappingRegistry.register(AbstractHandlerMethodMapping.java:543)] Mapped "{[/health || /health.json],produces=[application/json]}" onto public java.lang.Object org.springframework.boot.actuate.endpoint.mvc.HealthMvcEndpoint.invoke(java.security.Principal)
2016-10-14 16:20:29,832 INFO  [restartedMain] [org.springframework.web.servlet.handler.AbstractHandlerMethodMapping$MappingRegistry.register(AbstractHandlerMethodMapping.java:543)] Mapped "{[/dump || /dump.json],methods=[GET],produces=[application/json]}" onto public java.lang.Object org.springframework.boot.actuate.endpoint.mvc.EndpointMvcAdapter.invoke()
2016-10-14 16:20:29,833 INFO  [restartedMain] [org.springframework.web.servlet.handler.AbstractHandlerMethodMapping$MappingRegistry.register(AbstractHandlerMethodMapping.java:543)] Mapped "{[/heapdump || /heapdump.json],methods=[GET],produces=[application/octet-stream]}" onto public void org.springframework.boot.actuate.endpoint.mvc.HeapdumpMvcEndpoint.invoke(boolean,javax.servlet.http.HttpServletRequest,javax.servlet.http.HttpServletResponse) throws java.io.IOException,javax.servlet.ServletException
2016-10-14 16:20:29,834 INFO  [restartedMain] [org.springframework.web.servlet.handler.AbstractHandlerMethodMapping$MappingRegistry.register(AbstractHandlerMethodMapping.java:543)] Mapped "{[/info || /info.json],methods=[GET],produces=[application/json]}" onto public java.lang.Object org.springframework.boot.actuate.endpoint.mvc.EndpointMvcAdapter.invoke()
2016-10-14 16:20:29,836 INFO  [restartedMain] [org.springframework.web.servlet.handler.AbstractHandlerMethodMapping$MappingRegistry.register(AbstractHandlerMethodMapping.java:543)] Mapped "{[/env/{name:.*}],methods=[GET],produces=[application/json]}" onto public java.lang.Object org.springframework.boot.actuate.endpoint.mvc.EnvironmentMvcEndpoint.value(java.lang.String)
2016-10-14 16:20:29,836 INFO  [restartedMain] [org.springframework.web.servlet.handler.AbstractHandlerMethodMapping$MappingRegistry.register(AbstractHandlerMethodMapping.java:543)] Mapped "{[/env || /env.json],methods=[GET],produces=[application/json]}" onto public java.lang.Object org.springframework.boot.actuate.endpoint.mvc.EndpointMvcAdapter.invoke()
2016-10-14 16:20:29,837 INFO  [restartedMain] [org.springframework.web.servlet.handler.AbstractHandlerMethodMapping$MappingRegistry.register(AbstractHandlerMethodMapping.java:543)] Mapped "{[/configprops || /configprops.json],methods=[GET],produces=[application/json]}" onto public java.lang.Object org.springframework.boot.actuate.endpoint.mvc.EndpointMvcAdapter.invoke()
2016-10-14 16:20:29,843 INFO  [restartedMain] [org.springframework.web.servlet.handler.AbstractHandlerMethodMapping$MappingRegistry.register(AbstractHandlerMethodMapping.java:543)] Mapped "{[/metrics/{name:.*}],methods=[GET],produces=[application/json]}" onto public java.lang.Object org.springframework.boot.actuate.endpoint.mvc.MetricsMvcEndpoint.value(java.lang.String)
2016-10-14 16:20:29,844 INFO  [restartedMain] [org.springframework.web.servlet.handler.AbstractHandlerMethodMapping$MappingRegistry.register(AbstractHandlerMethodMapping.java:543)] Mapped "{[/metrics || /metrics.json],methods=[GET],produces=[application/json]}" onto public java.lang.Object org.springframework.boot.actuate.endpoint.mvc.EndpointMvcAdapter.invoke()
2016-10-14 16:20:29,845 INFO  [restartedMain] [org.springframework.web.servlet.handler.AbstractHandlerMethodMapping$MappingRegistry.register(AbstractHandlerMethodMapping.java:543)] Mapped "{[/beans || /beans.json],methods=[GET],produces=[application/json]}" onto public java.lang.Object org.springframework.boot.actuate.endpoint.mvc.EndpointMvcAdapter.invoke()
2016-10-14 16:20:29,845 INFO  [restartedMain] [org.springframework.web.servlet.handler.AbstractHandlerMethodMapping$MappingRegistry.register(AbstractHandlerMethodMapping.java:543)] Mapped "{[/autoconfig || /autoconfig.json],methods=[GET],produces=[application/json]}" onto public java.lang.Object org.springframework.boot.actuate.endpoint.mvc.EndpointMvcAdapter.invoke()
2016-10-14 16:20:30,080 INFO  [restartedMain] [org.springframework.boot.devtools.autoconfigure.OptionalLiveReloadServer.startServer(OptionalLiveReloadServer.java:58)] LiveReload server is running on port 35729
2016-10-14 16:20:30,084 WARN  [restartedMain] [org.springframework.boot.starter.redis.RedisStarterDeprecationWarningAutoConfiguration.logWarning(RedisStarterDeprecationWarningAutoConfiguration.java:43)] spring-boot-starter-redis is deprecated as of Spring Boot 1.4, please migrate to spring-boot-starter-data-redis
2016-10-14 16:20:30,143 INFO  [restartedMain] [org.springframework.jmx.export.MBeanExporter.afterSingletonsInstantiated(MBeanExporter.java:431)] Registering beans for JMX exposure on startup
2016-10-14 16:20:30,148 INFO  [restartedMain] [org.springframework.jmx.export.MBeanExporter.afterSingletonsInstantiated(MBeanExporter.java:431)] Registering beans for JMX exposure on startup
2016-10-14 16:20:30,152 INFO  [restartedMain] [org.springframework.context.support.DefaultLifecycleProcessor$LifecycleGroup.start(DefaultLifecycleProcessor.java:341)] Starting beans in phase 0
2016-10-14 16:20:30,162 INFO  [restartedMain] [org.springframework.jmx.export.MBeanExporter.registerBeanInstance(MBeanExporter.java:674)] Located managed bean 'requestMappingEndpoint': registering with JMX server as MBean [org.springframework.boot:type=Endpoint,name=requestMappingEndpoint]
2016-10-14 16:20:30,195 INFO  [restartedMain] [org.springframework.jmx.export.MBeanExporter.registerBeanInstance(MBeanExporter.java:674)] Located managed bean 'environmentEndpoint': registering with JMX server as MBean [org.springframework.boot:type=Endpoint,name=environmentEndpoint]
2016-10-14 16:20:30,199 INFO  [restartedMain] [org.springframework.jmx.export.MBeanExporter.registerBeanInstance(MBeanExporter.java:674)] Located managed bean 'healthEndpoint': registering with JMX server as MBean [org.springframework.boot:type=Endpoint,name=healthEndpoint]
2016-10-14 16:20:30,203 INFO  [restartedMain] [org.springframework.jmx.export.MBeanExporter.registerBeanInstance(MBeanExporter.java:674)] Located managed bean 'beansEndpoint': registering with JMX server as MBean [org.springframework.boot:type=Endpoint,name=beansEndpoint]
2016-10-14 16:20:30,207 INFO  [restartedMain] [org.springframework.jmx.export.MBeanExporter.registerBeanInstance(MBeanExporter.java:674)] Located managed bean 'infoEndpoint': registering with JMX server as MBean [org.springframework.boot:type=Endpoint,name=infoEndpoint]
2016-10-14 16:20:30,212 INFO  [restartedMain] [org.springframework.jmx.export.MBeanExporter.registerBeanInstance(MBeanExporter.java:674)] Located managed bean 'metricsEndpoint': registering with JMX server as MBean [org.springframework.boot:type=Endpoint,name=metricsEndpoint]
2016-10-14 16:20:30,215 INFO  [restartedMain] [org.springframework.jmx.export.MBeanExporter.registerBeanInstance(MBeanExporter.java:674)] Located managed bean 'traceEndpoint': registering with JMX server as MBean [org.springframework.boot:type=Endpoint,name=traceEndpoint]
2016-10-14 16:20:30,220 INFO  [restartedMain] [org.springframework.jmx.export.MBeanExporter.registerBeanInstance(MBeanExporter.java:674)] Located managed bean 'dumpEndpoint': registering with JMX server as MBean [org.springframework.boot:type=Endpoint,name=dumpEndpoint]
2016-10-14 16:20:30,225 INFO  [restartedMain] [org.springframework.jmx.export.MBeanExporter.registerBeanInstance(MBeanExporter.java:674)] Located managed bean 'autoConfigurationReportEndpoint': registering with JMX server as MBean [org.springframework.boot:type=Endpoint,name=autoConfigurationReportEndpoint]
2016-10-14 16:20:30,232 INFO  [restartedMain] [org.springframework.jmx.export.MBeanExporter.registerBeanInstance(MBeanExporter.java:674)] Located managed bean 'configurationPropertiesReportEndpoint': registering with JMX server as MBean [org.springframework.boot:type=Endpoint,name=configurationPropertiesReportEndpoint]
2016-10-14 16:20:30,238 INFO  [restartedMain] [org.springframework.context.support.DefaultLifecycleProcessor$LifecycleGroup.start(DefaultLifecycleProcessor.java:341)] Starting beans in phase 2147483647
2016-10-14 16:20:30,239 INFO  [restartedMain] [org.springframework.messaging.simp.broker.AbstractBrokerMessageHandler.start(AbstractBrokerMessageHandler.java:157)] Starting...
2016-10-14 16:20:30,239 INFO  [restartedMain] [org.springframework.messaging.simp.broker.AbstractBrokerMessageHandler.publishBrokerAvailableEvent(AbstractBrokerMessageHandler.java:260)] BrokerAvailabilityEvent[available=true, SimpleBrokerMessageHandler [DefaultSubscriptionRegistry[cache[0 destination(s)], registry[0 sessions]]]]
2016-10-14 16:20:30,240 INFO  [restartedMain] [org.springframework.messaging.simp.broker.AbstractBrokerMessageHandler.start(AbstractBrokerMessageHandler.java:166)] Started.
2016-10-14 16:20:30,260 INFO  [restartedMain] [org.apache.juli.logging.DirectJDKLog.log(DirectJDKLog.java:179)] Initializing ProtocolHandler ["http-nio-8000"]
2016-10-14 16:20:30,274 INFO  [restartedMain] [org.apache.juli.logging.DirectJDKLog.log(DirectJDKLog.java:179)] Starting ProtocolHandler [http-nio-8000]
2016-10-14 16:20:30,281 INFO  [restartedMain] [org.apache.juli.logging.DirectJDKLog.log(DirectJDKLog.java:179)] Using a shared selector for servlet write/read
2016-10-14 16:20:30,308 INFO  [restartedMain] [org.springframework.boot.context.embedded.tomcat.TomcatEmbeddedServletContainer.start(TomcatEmbeddedServletContainer.java:185)] Tomcat started on port(s): 8000 (http)
2016-10-14 16:20:30,320 INFO  [restartedMain] [org.springframework.boot.StartupInfoLogger.logStarted(StartupInfoLogger.java:57)] Started App in 6.015 seconds (JVM running for 6.789)
2016-10-14 16:21:19,562 INFO  [http-nio-8000-exec-1] [org.apache.juli.logging.DirectJDKLog.log(DirectJDKLog.java:179)] Initializing Spring FrameworkServlet 'dispatcherServlet'
2016-10-14 16:21:19,563 INFO  [http-nio-8000-exec-1] [org.springframework.web.servlet.FrameworkServlet.initServletBean(FrameworkServlet.java:489)] FrameworkServlet 'dispatcherServlet': initialization started
2016-10-14 16:21:19,575 INFO  [http-nio-8000-exec-1] [org.springframework.web.servlet.FrameworkServlet.initServletBean(FrameworkServlet.java:508)] FrameworkServlet 'dispatcherServlet': initialization completed in 12 ms
2016-10-14 16:21:28,666 INFO  [MessageBroker-3] [org.springframework.web.socket.config.WebSocketMessageBrokerStats$1.run(WebSocketMessageBrokerStats.java:113)] WebSocketSession[1 current WS(1)-HttpStream(0)-HttpPoll(0), 1 total, 0 closed abnormally (0 connect failure, 0 send limit, 0 transport error)], stompSubProtocol[processed CONNECT(1)-CONNECTED(1)-DISCONNECT(0)], stompBrokerRelay[null], inboundChannel[pool size = 6, active threads = 0, queued tasks = 0, completed tasks = 6], outboundChannelpool size = 1, active threads = 0, queued tasks = 0, completed tasks = 1], sockJsScheduler[pool size = 4, active threads = 1, queued tasks = 2, completed tasks = 2]
2016-10-14 16:32:29,731 INFO  [RMI TCP Connection(2)-127.0.0.1] [org.springframework.boot.admin.SpringApplicationAdminMXBeanRegistrar$SpringApplicationAdmin.shutdown(SpringApplicationAdminMXBeanRegistrar.java:125)] Application shutdown requested.
2016-10-14 16:32:29,731 INFO  [RMI TCP Connection(2)-127.0.0.1] [org.springframework.context.support.AbstractApplicationContext.doClose(AbstractApplicationContext.java:982)] Closing org.springframework.boot.context.embedded.AnnotationConfigEmbeddedWebApplicationContext@6fcfe672: startup date [Fri Oct 14 16:20:24 CST 2016]; root of context hierarchy
2016-10-14 16:32:29,734 INFO  [RMI TCP Connection(2)-127.0.0.1] [org.springframework.context.support.DefaultLifecycleProcessor$LifecycleGroup.stop(DefaultLifecycleProcessor.java:356)] Stopping beans in phase 2147483647
2016-10-14 16:32:29,744 INFO  [RMI TCP Connection(2)-127.0.0.1] [org.springframework.messaging.simp.broker.AbstractBrokerMessageHandler.stop(AbstractBrokerMessageHandler.java:177)] Stopping...
2016-10-14 16:32:29,745 INFO  [RMI TCP Connection(2)-127.0.0.1] [org.springframework.messaging.simp.broker.AbstractBrokerMessageHandler.publishBrokerUnavailableEvent(AbstractBrokerMessageHandler.java:270)] BrokerAvailabilityEvent[available=false, SimpleBrokerMessageHandler [DefaultSubscriptionRegistry[cache[0 destination(s)], registry[0 sessions]]]]
2016-10-14 16:32:29,745 INFO  [RMI TCP Connection(2)-127.0.0.1] [org.springframework.messaging.simp.broker.AbstractBrokerMessageHandler.stop(AbstractBrokerMessageHandler.java:186)] Stopped.
2016-10-14 16:32:29,746 INFO  [RMI TCP Connection(2)-127.0.0.1] [org.springframework.context.support.DefaultLifecycleProcessor$LifecycleGroup.stop(DefaultLifecycleProcessor.java:356)] Stopping beans in phase 0
2016-10-14 16:32:29,751 INFO  [RMI TCP Connection(2)-127.0.0.1] [org.springframework.jmx.export.MBeanExporter.destroy(MBeanExporter.java:449)] Unregistering JMX-exposed beans on shutdown
2016-10-14 16:32:29,752 INFO  [RMI TCP Connection(2)-127.0.0.1] [org.springframework.jmx.support.MBeanRegistrationSupport.unregisterBeans(MBeanRegistrationSupport.java:241)] Unregistering JMX-exposed beans
2016-10-14 16:32:29,753 INFO  [RMI TCP Connection(2)-127.0.0.1] [org.springframework.jmx.export.MBeanExporter.destroy(MBeanExporter.java:449)] Unregistering JMX-exposed beans on shutdown
2016-10-14 16:32:29,753 INFO  [RMI TCP Connection(2)-127.0.0.1] [org.springframework.scheduling.concurrent.ExecutorConfigurationSupport.shutdown(ExecutorConfigurationSupport.java:203)] Shutting down ExecutorService 'brokerChannelExecutor'
2016-10-14 16:32:29,753 INFO  [RMI TCP Connection(2)-127.0.0.1] [org.springframework.scheduling.concurrent.ExecutorConfigurationSupport.shutdown(ExecutorConfigurationSupport.java:203)] Shutting down ExecutorService 'messageBrokerTaskScheduler'
2016-10-14 16:32:29,754 INFO  [RMI TCP Connection(2)-127.0.0.1] [org.springframework.scheduling.concurrent.ExecutorConfigurationSupport.shutdown(ExecutorConfigurationSupport.java:203)] Shutting down ExecutorService 'clientOutboundChannelExecutor'
2016-10-14 16:32:29,754 INFO  [RMI TCP Connection(2)-127.0.0.1] [org.springframework.scheduling.concurrent.ExecutorConfigurationSupport.shutdown(ExecutorConfigurationSupport.java:203)] Shutting down ExecutorService 'clientInboundChannelExecutor'
2016-10-14 16:32:29,758 INFO  [RMI TCP Connection(2)-127.0.0.1] [org.springframework.scheduling.concurrent.ExecutorConfigurationSupport.shutdown(ExecutorConfigurationSupport.java:203)] Shutting down ExecutorService
2016-10-14 16:53:18,032 INFO  [restartedMain] [org.springframework.boot.StartupInfoLogger.logStarting(StartupInfoLogger.java:48)] Starting App on mackie with PID 11746 (/home/mackie/git/spring_project/mackie/target/classes started by mackie in /home/mackie/git/spring_project/mackie)
2016-10-14 16:53:18,035 INFO  [restartedMain] [org.springframework.boot.SpringApplication.logStartupProfileInfo(SpringApplication.java:661)] No active profile set, falling back to default profiles: default
2016-10-14 16:53:18,120 INFO  [restartedMain] [org.springframework.context.support.AbstractApplicationContext.prepareRefresh(AbstractApplicationContext.java:581)] Refreshing org.springframework.boot.context.embedded.AnnotationConfigEmbeddedWebApplicationContext@6fcfe672: startup date [Fri Oct 14 16:53:18 CST 2016]; root of context hierarchy
2016-10-14 16:53:18,479 INFO  [background-preinit] [org.hibernate.validator.internal.util.Version.<clinit>(Version.java:30)] HV000001: Hibernate Validator 5.2.4.Final
2016-10-14 16:53:19,986 INFO  [restartedMain] [org.springframework.data.repository.config.RepositoryConfigurationDelegate.multipleStoresDetected(RepositoryConfigurationDelegate.java:170)] Multiple Spring Data modules found, entering strict repository configuration mode!
2016-10-14 16:53:20,398 INFO  [restartedMain] [org.springframework.context.support.PostProcessorRegistrationDelegate$BeanPostProcessorChecker.postProcessAfterInitialization(PostProcessorRegistrationDelegate.java:328)] Bean 'org.springframework.transaction.annotation.ProxyTransactionManagementConfiguration' of type [class org.springframework.transaction.annotation.ProxyTransactionManagementConfiguration$$EnhancerBySpringCGLIB$$434c44bd] is not eligible for getting processed by all BeanPostProcessors (for example: not eligible for auto-proxying)
2016-10-14 16:53:20,854 INFO  [restartedMain] [org.springframework.boot.context.embedded.tomcat.TomcatEmbeddedServletContainer.initialize(TomcatEmbeddedServletContainer.java:87)] Tomcat initialized with port(s): 8000 (http)
2016-10-14 16:53:20,864 INFO  [restartedMain] [org.apache.juli.logging.DirectJDKLog.log(DirectJDKLog.java:179)] Starting service Tomcat
2016-10-14 16:53:20,865 INFO  [restartedMain] [org.apache.juli.logging.DirectJDKLog.log(DirectJDKLog.java:179)] Starting Servlet Engine: Apache Tomcat/8.5.5
2016-10-14 16:53:20,919 INFO  [localhost-startStop-1] [org.apache.juli.logging.DirectJDKLog.log(DirectJDKLog.java:179)] Initializing Spring embedded WebApplicationContext
2016-10-14 16:53:20,919 INFO  [localhost-startStop-1] [org.springframework.boot.context.embedded.EmbeddedWebApplicationContext.prepareEmbeddedWebApplicationContext(EmbeddedWebApplicationContext.java:276)] Root WebApplicationContext: initialization completed in 2811 ms
2016-10-14 16:53:21,104 INFO  [localhost-startStop-1] [org.springframework.boot.web.servlet.ServletRegistrationBean.onStartup(ServletRegistrationBean.java:190)] Mapping servlet: 'dispatcherServlet' to [/]
2016-10-14 16:53:21,107 INFO  [localhost-startStop-1] [org.springframework.boot.web.servlet.AbstractFilterRegistrationBean.configure(AbstractFilterRegistrationBean.java:258)] Mapping filter: 'metricsFilter' to: [/*]
2016-10-14 16:53:21,108 INFO  [localhost-startStop-1] [org.springframework.boot.web.servlet.AbstractFilterRegistrationBean.configure(AbstractFilterRegistrationBean.java:258)] Mapping filter: 'characterEncodingFilter' to: [/*]
2016-10-14 16:53:21,108 INFO  [localhost-startStop-1] [org.springframework.boot.web.servlet.AbstractFilterRegistrationBean.configure(AbstractFilterRegistrationBean.java:258)] Mapping filter: 'hiddenHttpMethodFilter' to: [/*]
2016-10-14 16:53:21,108 INFO  [localhost-startStop-1] [org.springframework.boot.web.servlet.AbstractFilterRegistrationBean.configure(AbstractFilterRegistrationBean.java:258)] Mapping filter: 'httpPutFormContentFilter' to: [/*]
2016-10-14 16:53:21,108 INFO  [localhost-startStop-1] [org.springframework.boot.web.servlet.AbstractFilterRegistrationBean.configure(AbstractFilterRegistrationBean.java:258)] Mapping filter: 'requestContextFilter' to: [/*]
2016-10-14 16:53:21,109 INFO  [localhost-startStop-1] [org.springframework.boot.web.servlet.AbstractFilterRegistrationBean.configure(AbstractFilterRegistrationBean.java:258)] Mapping filter: 'webRequestLoggingFilter' to: [/*]
2016-10-14 16:53:21,109 INFO  [localhost-startStop-1] [org.springframework.boot.web.servlet.AbstractFilterRegistrationBean.configure(AbstractFilterRegistrationBean.java:258)] Mapping filter: 'applicationContextIdFilter' to: [/*]
2016-10-14 16:53:21,399 INFO  [restartedMain] [org.springframework.scheduling.concurrent.ExecutorConfigurationSupport.initialize(ExecutorConfigurationSupport.java:165)] Initializing ExecutorService 
2016-10-14 16:53:21,637 INFO  [restartedMain] [org.springframework.scheduling.concurrent.ExecutorConfigurationSupport.initialize(ExecutorConfigurationSupport.java:165)] Initializing ExecutorService  'clientInboundChannelExecutor'
2016-10-14 16:53:21,643 INFO  [restartedMain] [org.springframework.scheduling.concurrent.ExecutorConfigurationSupport.initialize(ExecutorConfigurationSupport.java:165)] Initializing ExecutorService  'clientOutboundChannelExecutor'
2016-10-14 16:53:21,654 INFO  [restartedMain] [org.springframework.scheduling.concurrent.ExecutorConfigurationSupport.initialize(ExecutorConfigurationSupport.java:165)] Initializing ExecutorService  'messageBrokerTaskScheduler'
2016-10-14 16:53:21,709 INFO  [restartedMain] [org.springframework.web.servlet.handler.AbstractUrlHandlerMapping.registerHandler(AbstractUrlHandlerMapping.java:354)] Mapped URL path [/gs-guide-websocket/**] onto handler of type [class org.springframework.web.socket.sockjs.support.SockJsHttpRequestHandler]
2016-10-14 16:53:21,745 INFO  [restartedMain] [org.springframework.scheduling.concurrent.ExecutorConfigurationSupport.initialize(ExecutorConfigurationSupport.java:165)] Initializing ExecutorService  'brokerChannelExecutor'
2016-10-14 16:53:22,076 INFO  [restartedMain] [org.springframework.messaging.handler.invocation.AbstractMethodMessageHandler.registerHandlerMethod(AbstractMethodMessageHandler.java:330)] Mapped "{[/hello],messageType=[MESSAGE]}" onto public com.mackie.domain.Greeting com.mackie.websocket.GreetingController.greeting(com.mackie.domain.HelloMessage) throws java.lang.Exception
2016-10-14 16:53:22,179 INFO  [restartedMain] [org.springframework.web.servlet.mvc.method.annotation.RequestMappingHandlerAdapter.initControllerAdviceCache(RequestMappingHandlerAdapter.java:534)] Looking for @ControllerAdvice: org.springframework.boot.context.embedded.AnnotationConfigEmbeddedWebApplicationContext@6fcfe672: startup date [Fri Oct 14 16:53:18 CST 2016]; root of context hierarchy
2016-10-14 16:53:22,232 INFO  [restartedMain] [org.springframework.web.servlet.handler.AbstractHandlerMethodMapping$MappingRegistry.register(AbstractHandlerMethodMapping.java:543)] Mapped "{[/user]}" onto public com.mackie.domain.UserDO com.mackie.App.user()
2016-10-14 16:53:22,233 INFO  [restartedMain] [org.springframework.web.servlet.handler.AbstractHandlerMethodMapping$MappingRegistry.register(AbstractHandlerMethodMapping.java:543)] Mapped "{[/aaa]}" onto java.lang.String com.mackie.App.home(javax.servlet.http.HttpServletRequest)
2016-10-14 16:53:22,233 INFO  [restartedMain] [org.springframework.web.servlet.handler.AbstractHandlerMethodMapping$MappingRegistry.register(AbstractHandlerMethodMapping.java:543)] Mapped "{[/test1]}" onto public com.mackie.domain.UserDO com.mackie.App.test()
2016-10-14 16:53:22,234 INFO  [restartedMain] [org.springframework.web.servlet.handler.AbstractHandlerMethodMapping$MappingRegistry.register(AbstractHandlerMethodMapping.java:543)] Mapped "{[/redisTest]}" onto public com.mackie.domain.UserDO com.mackie.controller.RedisController.redisTest()
2016-10-14 16:53:22,236 INFO  [restartedMain] [org.springframework.web.servlet.handler.AbstractHandlerMethodMapping$MappingRegistry.register(AbstractHandlerMethodMapping.java:543)] Mapped "{[/error],produces=[text/html]}" onto public org.springframework.web.servlet.ModelAndView org.springframework.boot.autoconfigure.web.BasicErrorController.errorHtml(javax.servlet.http.HttpServletRequest,javax.servlet.http.HttpServletResponse)
2016-10-14 16:53:22,236 INFO  [restartedMain] [org.springframework.web.servlet.handler.AbstractHandlerMethodMapping$MappingRegistry.register(AbstractHandlerMethodMapping.java:543)] Mapped "{[/error]}" onto public org.springframework.http.ResponseEntity<java.util.Map<java.lang.String, java.lang.Object>> org.springframework.boot.autoconfigure.web.BasicErrorController.error(javax.servlet.http.HttpServletRequest)
2016-10-14 16:53:22,321 INFO  [restartedMain] [org.springframework.web.servlet.handler.AbstractUrlHandlerMapping.registerHandler(AbstractUrlHandlerMapping.java:354)] Mapped URL path [/webjars/**] onto handler of type [class org.springframework.web.servlet.resource.ResourceHttpRequestHandler]
2016-10-14 16:53:22,321 INFO  [restartedMain] [org.springframework.web.servlet.handler.AbstractUrlHandlerMapping.registerHandler(AbstractUrlHandlerMapping.java:354)] Mapped URL path [/**] onto handler of type [class org.springframework.web.servlet.resource.ResourceHttpRequestHandler]
2016-10-14 16:53:22,356 INFO  [restartedMain] [org.springframework.web.servlet.handler.AbstractUrlHandlerMapping.registerHandler(AbstractUrlHandlerMapping.java:354)] Mapped URL path [/**/favicon.ico] onto handler of type [class org.springframework.web.servlet.resource.ResourceHttpRequestHandler]
2016-10-14 16:53:22,370 INFO  [restartedMain] [org.springframework.boot.autoconfigure.web.WebMvcAutoConfiguration$WelcomePageHandlerMapping.<init>(WebMvcAutoConfiguration.java:509)] Adding welcome page: class path resource [static/index.html]
2016-10-14 16:53:22,871 INFO  [restartedMain] [org.springframework.web.servlet.handler.AbstractHandlerMethodMapping$MappingRegistry.register(AbstractHandlerMethodMapping.java:543)] Mapped "{[/configprops || /configprops.json],methods=[GET],produces=[application/json]}" onto public java.lang.Object org.springframework.boot.actuate.endpoint.mvc.EndpointMvcAdapter.invoke()
2016-10-14 16:53:22,872 INFO  [restartedMain] [org.springframework.web.servlet.handler.AbstractHandlerMethodMapping$MappingRegistry.register(AbstractHandlerMethodMapping.java:543)] Mapped "{[/dump || /dump.json],methods=[GET],produces=[application/json]}" onto public java.lang.Object org.springframework.boot.actuate.endpoint.mvc.EndpointMvcAdapter.invoke()
2016-10-14 16:53:22,874 INFO  [restartedMain] [org.springframework.web.servlet.handler.AbstractHandlerMethodMapping$MappingRegistry.register(AbstractHandlerMethodMapping.java:543)] Mapped "{[/health || /health.json],produces=[application/json]}" onto public java.lang.Object org.springframework.boot.actuate.endpoint.mvc.HealthMvcEndpoint.invoke(java.security.Principal)
2016-10-14 16:53:22,875 INFO  [restartedMain] [org.springframework.web.servlet.handler.AbstractHandlerMethodMapping$MappingRegistry.register(AbstractHandlerMethodMapping.java:543)] Mapped "{[/metrics/{name:.*}],methods=[GET],produces=[application/json]}" onto public java.lang.Object org.springframework.boot.actuate.endpoint.mvc.MetricsMvcEndpoint.value(java.lang.String)
2016-10-14 16:53:22,876 INFO  [restartedMain] [org.springframework.web.servlet.handler.AbstractHandlerMethodMapping$MappingRegistry.register(AbstractHandlerMethodMapping.java:543)] Mapped "{[/metrics || /metrics.json],methods=[GET],produces=[application/json]}" onto public java.lang.Object org.springframework.boot.actuate.endpoint.mvc.EndpointMvcAdapter.invoke()
2016-10-14 16:53:22,876 INFO  [restartedMain] [org.springframework.web.servlet.handler.AbstractHandlerMethodMapping$MappingRegistry.register(AbstractHandlerMethodMapping.java:543)] Mapped "{[/trace || /trace.json],methods=[GET],produces=[application/json]}" onto public java.lang.Object org.springframework.boot.actuate.endpoint.mvc.EndpointMvcAdapter.invoke()
2016-10-14 16:53:22,877 INFO  [restartedMain] [org.springframework.web.servlet.handler.AbstractHandlerMethodMapping$MappingRegistry.register(AbstractHandlerMethodMapping.java:543)] Mapped "{[/env/{name:.*}],methods=[GET],produces=[application/json]}" onto public java.lang.Object org.springframework.boot.actuate.endpoint.mvc.EnvironmentMvcEndpoint.value(java.lang.String)
2016-10-14 16:53:22,877 INFO  [restartedMain] [org.springframework.web.servlet.handler.AbstractHandlerMethodMapping$MappingRegistry.register(AbstractHandlerMethodMapping.java:543)] Mapped "{[/env || /env.json],methods=[GET],produces=[application/json]}" onto public java.lang.Object org.springframework.boot.actuate.endpoint.mvc.EndpointMvcAdapter.invoke()
2016-10-14 16:53:22,879 INFO  [restartedMain] [org.springframework.web.servlet.handler.AbstractHandlerMethodMapping$MappingRegistry.register(AbstractHandlerMethodMapping.java:543)] Mapped "{[/mappings || /mappings.json],methods=[GET],produces=[application/json]}" onto public java.lang.Object org.springframework.boot.actuate.endpoint.mvc.EndpointMvcAdapter.invoke()
2016-10-14 16:53:22,887 INFO  [restartedMain] [org.springframework.web.servlet.handler.AbstractHandlerMethodMapping$MappingRegistry.register(AbstractHandlerMethodMapping.java:543)] Mapped "{[/autoconfig || /autoconfig.json],methods=[GET],produces=[application/json]}" onto public java.lang.Object org.springframework.boot.actuate.endpoint.mvc.EndpointMvcAdapter.invoke()
2016-10-14 16:53:22,887 INFO  [restartedMain] [org.springframework.web.servlet.handler.AbstractHandlerMethodMapping$MappingRegistry.register(AbstractHandlerMethodMapping.java:543)] Mapped "{[/info || /info.json],methods=[GET],produces=[application/json]}" onto public java.lang.Object org.springframework.boot.actuate.endpoint.mvc.EndpointMvcAdapter.invoke()
2016-10-14 16:53:22,888 INFO  [restartedMain] [org.springframework.web.servlet.handler.AbstractHandlerMethodMapping$MappingRegistry.register(AbstractHandlerMethodMapping.java:543)] Mapped "{[/heapdump || /heapdump.json],methods=[GET],produces=[application/octet-stream]}" onto public void org.springframework.boot.actuate.endpoint.mvc.HeapdumpMvcEndpoint.invoke(boolean,javax.servlet.http.HttpServletRequest,javax.servlet.http.HttpServletResponse) throws java.io.IOException,javax.servlet.ServletException
2016-10-14 16:53:22,889 INFO  [restartedMain] [org.springframework.web.servlet.handler.AbstractHandlerMethodMapping$MappingRegistry.register(AbstractHandlerMethodMapping.java:543)] Mapped "{[/beans || /beans.json],methods=[GET],produces=[application/json]}" onto public java.lang.Object org.springframework.boot.actuate.endpoint.mvc.EndpointMvcAdapter.invoke()
2016-10-14 16:53:23,092 INFO  [restartedMain] [org.springframework.boot.devtools.autoconfigure.OptionalLiveReloadServer.startServer(OptionalLiveReloadServer.java:58)] LiveReload server is running on port 35729
2016-10-14 16:53:23,096 WARN  [restartedMain] [org.springframework.boot.starter.redis.RedisStarterDeprecationWarningAutoConfiguration.logWarning(RedisStarterDeprecationWarningAutoConfiguration.java:43)] spring-boot-starter-redis is deprecated as of Spring Boot 1.4, please migrate to spring-boot-starter-data-redis
2016-10-14 16:53:23,155 INFO  [restartedMain] [org.springframework.jmx.export.MBeanExporter.afterSingletonsInstantiated(MBeanExporter.java:431)] Registering beans for JMX exposure on startup
2016-10-14 16:53:23,199 INFO  [restartedMain] [org.springframework.jmx.export.MBeanExporter.afterSingletonsInstantiated(MBeanExporter.java:431)] Registering beans for JMX exposure on startup
2016-10-14 16:53:23,205 INFO  [restartedMain] [org.springframework.context.support.DefaultLifecycleProcessor$LifecycleGroup.start(DefaultLifecycleProcessor.java:341)] Starting beans in phase 0
2016-10-14 16:53:23,211 INFO  [restartedMain] [org.springframework.jmx.export.MBeanExporter.registerBeanInstance(MBeanExporter.java:674)] Located managed bean 'requestMappingEndpoint': registering with JMX server as MBean [org.springframework.boot:type=Endpoint,name=requestMappingEndpoint]
2016-10-14 16:53:23,247 INFO  [restartedMain] [org.springframework.jmx.export.MBeanExporter.registerBeanInstance(MBeanExporter.java:674)] Located managed bean 'environmentEndpoint': registering with JMX server as MBean [org.springframework.boot:type=Endpoint,name=environmentEndpoint]
2016-10-14 16:53:23,258 INFO  [restartedMain] [org.springframework.jmx.export.MBeanExporter.registerBeanInstance(MBeanExporter.java:674)] Located managed bean 'healthEndpoint': registering with JMX server as MBean [org.springframework.boot:type=Endpoint,name=healthEndpoint]
2016-10-14 16:53:23,269 INFO  [restartedMain] [org.springframework.jmx.export.MBeanExporter.registerBeanInstance(MBeanExporter.java:674)] Located managed bean 'beansEndpoint': registering with JMX server as MBean [org.springframework.boot:type=Endpoint,name=beansEndpoint]
2016-10-14 16:53:23,276 INFO  [restartedMain] [org.springframework.jmx.export.MBeanExporter.registerBeanInstance(MBeanExporter.java:674)] Located managed bean 'infoEndpoint': registering with JMX server as MBean [org.springframework.boot:type=Endpoint,name=infoEndpoint]
2016-10-14 16:53:23,283 INFO  [restartedMain] [org.springframework.jmx.export.MBeanExporter.registerBeanInstance(MBeanExporter.java:674)] Located managed bean 'metricsEndpoint': registering with JMX server as MBean [org.springframework.boot:type=Endpoint,name=metricsEndpoint]
2016-10-14 16:53:23,286 INFO  [restartedMain] [org.springframework.jmx.export.MBeanExporter.registerBeanInstance(MBeanExporter.java:674)] Located managed bean 'traceEndpoint': registering with JMX server as MBean [org.springframework.boot:type=Endpoint,name=traceEndpoint]
2016-10-14 16:53:23,289 INFO  [restartedMain] [org.springframework.jmx.export.MBeanExporter.registerBeanInstance(MBeanExporter.java:674)] Located managed bean 'dumpEndpoint': registering with JMX server as MBean [org.springframework.boot:type=Endpoint,name=dumpEndpoint]
2016-10-14 16:53:23,306 INFO  [restartedMain] [org.springframework.jmx.export.MBeanExporter.registerBeanInstance(MBeanExporter.java:674)] Located managed bean 'autoConfigurationReportEndpoint': registering with JMX server as MBean [org.springframework.boot:type=Endpoint,name=autoConfigurationReportEndpoint]
2016-10-14 16:53:23,308 INFO  [restartedMain] [org.springframework.jmx.export.MBeanExporter.registerBeanInstance(MBeanExporter.java:674)] Located managed bean 'configurationPropertiesReportEndpoint': registering with JMX server as MBean [org.springframework.boot:type=Endpoint,name=configurationPropertiesReportEndpoint]
2016-10-14 16:53:23,310 INFO  [restartedMain] [org.springframework.context.support.DefaultLifecycleProcessor$LifecycleGroup.start(DefaultLifecycleProcessor.java:341)] Starting beans in phase 2147483647
2016-10-14 16:53:23,310 INFO  [restartedMain] [org.springframework.messaging.simp.broker.AbstractBrokerMessageHandler.start(AbstractBrokerMessageHandler.java:157)] Starting...
2016-10-14 16:53:23,311 INFO  [restartedMain] [org.springframework.messaging.simp.broker.AbstractBrokerMessageHandler.publishBrokerAvailableEvent(AbstractBrokerMessageHandler.java:260)] BrokerAvailabilityEvent[available=true, SimpleBrokerMessageHandler [DefaultSubscriptionRegistry[cache[0 destination(s)], registry[0 sessions]]]]
2016-10-14 16:53:23,311 INFO  [restartedMain] [org.springframework.messaging.simp.broker.AbstractBrokerMessageHandler.start(AbstractBrokerMessageHandler.java:166)] Started.
2016-10-14 16:53:23,324 INFO  [restartedMain] [org.apache.juli.logging.DirectJDKLog.log(DirectJDKLog.java:179)] Initializing ProtocolHandler ["http-nio-8000"]
2016-10-14 16:53:23,332 INFO  [restartedMain] [org.apache.juli.logging.DirectJDKLog.log(DirectJDKLog.java:179)] Starting ProtocolHandler [http-nio-8000]
2016-10-14 16:53:23,336 INFO  [restartedMain] [org.apache.juli.logging.DirectJDKLog.log(DirectJDKLog.java:179)] Using a shared selector for servlet write/read
2016-10-14 16:53:23,375 INFO  [restartedMain] [org.springframework.boot.context.embedded.tomcat.TomcatEmbeddedServletContainer.start(TomcatEmbeddedServletContainer.java:185)] Tomcat started on port(s): 8000 (http)
2016-10-14 16:53:23,379 INFO  [restartedMain] [org.springframework.boot.StartupInfoLogger.logStarted(StartupInfoLogger.java:57)] Started App in 5.745 seconds (JVM running for 6.58)
2016-10-14 16:53:25,775 INFO  [http-nio-8000-exec-1] [org.apache.juli.logging.DirectJDKLog.log(DirectJDKLog.java:179)] Initializing Spring FrameworkServlet 'dispatcherServlet'
2016-10-14 16:53:25,775 INFO  [http-nio-8000-exec-1] [org.springframework.web.servlet.FrameworkServlet.initServletBean(FrameworkServlet.java:489)] FrameworkServlet 'dispatcherServlet': initialization started
2016-10-14 16:53:25,786 INFO  [http-nio-8000-exec-1] [org.springframework.web.servlet.FrameworkServlet.initServletBean(FrameworkServlet.java:508)] FrameworkServlet 'dispatcherServlet': initialization completed in 11 ms
2016-10-14 16:54:21,731 INFO  [MessageBroker-4] [org.springframework.web.socket.config.WebSocketMessageBrokerStats$1.run(WebSocketMessageBrokerStats.java:113)] WebSocketSession[2 current WS(2)-HttpStream(0)-HttpPoll(0), 2 total, 0 closed abnormally (0 connect failure, 0 send limit, 0 transport error)], stompSubProtocol[processed CONNECT(2)-CONNECTED(2)-DISCONNECT(0)], stompBrokerRelay[null], inboundChannel[pool size = 8, active threads = 0, queued tasks = 0, completed tasks = 15], outboundChannelpool size = 3, active threads = 0, queued tasks = 0, completed tasks = 3], sockJsScheduler[pool size = 4, active threads = 1, queued tasks = 3, completed tasks = 11]
2016-10-14 17:24:21,731 INFO  [MessageBroker-3] [org.springframework.web.socket.config.WebSocketMessageBrokerStats$1.run(WebSocketMessageBrokerStats.java:113)] WebSocketSession[1 current WS(1)-HttpStream(0)-HttpPoll(0), 2 total, 0 closed abnormally (0 connect failure, 0 send limit, 0 transport error)], stompSubProtocol[processed CONNECT(2)-CONNECTED(2)-DISCONNECT(0)], stompBrokerRelay[null], inboundChannel[pool size = 0, active threads = 0, queued tasks = 0, completed tasks = 18], outboundChannelpool size = 0, active threads = 0, queued tasks = 0, completed tasks = 4], sockJsScheduler[pool size = 4, active threads = 1, queued tasks = 2, completed tasks = 455]
